This file contains any messages produced by compilers while
running configure, to aid debugging if configure makes a mistake.

It was created by openocd configure 0.9.0, which was
generated by GNU Autoconf 2.67.  Invocation command line was

  $ ./configure --enable-usbprog5

## --------- ##
## Platform. ##
## --------- ##

hostname = usbprog5
uname -m = armv5tejl
uname -r = 3.3.0
uname -s = Linux
uname -v = #33 Wed Nov 12 09:36:24 CET 2014

/usr/bin/uname -p = unknown
/bin/uname -X     = unknown

/bin/arch              = unknown
/usr/bin/arch -k       = unknown
/usr/convex/getsysinfo = unknown
/usr/bin/hostinfo      = unknown
/bin/machine           = unknown
/usr/bin/oslevel       = unknown
/bin/universe          = unknown

PATH: /usr/local/sbin
PATH: /usr/local/bin
PATH: /usr/sbin
PATH: /usr/bin
PATH: /sbin
PATH: /bin


## ----------- ##
## Core tests. ##
## ----------- ##

configure:2547: checking for makeinfo
configure:2563: found /usr/bin/makeinfo
configure:2574: result: makeinfo
configure:2634: checking for a BSD-compatible install
configure:2702: result: /usr/bin/install -c
configure:2713: checking whether build environment is sane
configure:2763: result: yes
configure:2904: checking for a thread-safe mkdir -p
configure:2943: result: /bin/mkdir -p
configure:2956: checking for gawk
configure:2986: result: no
configure:2956: checking for mawk
configure:2972: found /usr/bin/mawk
configure:2983: result: mawk
configure:2994: checking whether make sets $(MAKE)
configure:3016: result: yes
configure:3155: checking for gcc
configure:3171: found /usr/bin/gcc
configure:3182: result: gcc
configure:3411: checking for C compiler version
configure:3420: gcc --version >&5
gcc (Debian 4.4.5-8) 4.4.5
Copyright (C) 2010 Free Software Foundation, Inc.
This is free software; see the source for copying conditions.  There is NO
warranty; not even for MERCHANTABILITY or FITNESS FOR A PARTICULAR PURPOSE.

configure:3431: $? = 0
configure:3420: gcc -v >&5
Using built-in specs.
Target: arm-linux-gnueabi
Configured with: ../src/configure -v --with-pkgversion='Debian 4.4.5-8' --with-bugurl=file:///usr/share/doc/gcc-4.4/README.Bugs --enable-languages=c,c++,fortran,objc,obj-c++ --prefix=/usr --program-suffix=-4.4 --enable-shared --enable-multiarch --enable-linker-build-id --with-system-zlib --libexecdir=/usr/lib --without-included-gettext --enable-threads=posix --with-gxx-include-dir=/usr/include/c++/4.4 --libdir=/usr/lib --enable-nls --enable-clocale=gnu --enable-libstdcxx-debug --enable-objc-gc --disable-sjlj-exceptions --enable-checking=release --build=arm-linux-gnueabi --host=arm-linux-gnueabi --target=arm-linux-gnueabi
Thread model: posix
gcc version 4.4.5 (Debian 4.4.5-8) 
configure:3431: $? = 0
configure:3420: gcc -V >&5
gcc: '-V' option must have argument
configure:3431: $? = 1
configure:3420: gcc -qversion >&5
gcc: unrecognized option '-qversion'
gcc: no input files
configure:3431: $? = 1
configure:3451: checking whether the C compiler works
configure:3473: gcc    conftest.c  >&5
configure:3477: $? = 0
configure:3525: result: yes
configure:3528: checking for C compiler default output file name
configure:3530: result: a.out
configure:3536: checking for suffix of executables
configure:3543: gcc -o conftest    conftest.c  >&5
configure:3547: $? = 0
configure:3569: result: 
configure:3591: checking whether we are cross compiling
configure:3599: gcc -o conftest    conftest.c  >&5
configure:3603: $? = 0
configure:3610: ./conftest
configure:3614: $? = 0
configure:3629: result: no
configure:3634: checking for suffix of object files
configure:3656: gcc -c   conftest.c >&5
configure:3660: $? = 0
configure:3681: result: o
configure:3685: checking whether we are using the GNU C compiler
configure:3704: gcc -c   conftest.c >&5
configure:3704: $? = 0
configure:3713: result: yes
configure:3722: checking whether gcc accepts -g
configure:3742: gcc -c -g  conftest.c >&5
configure:3742: $? = 0
configure:3783: result: yes
configure:3800: checking for gcc option to accept ISO C89
configure:3864: gcc  -c -g -O2  conftest.c >&5
configure:3864: $? = 0
configure:3877: result: none needed
configure:3908: checking for style of include used by make
configure:3936: result: GNU
configure:3961: checking dependency style of gcc
configure:4071: result: gcc3
configure:4086: checking for gcc option to accept ISO C99
configure:4235: gcc  -c -g -O2  conftest.c >&5
conftest.c:61: error: expected ';', ',' or ')' before 'text'
conftest.c: In function 'main':
conftest.c:115: error: expected '=', ',', ';', 'asm' or '__attribute__' before 'newvar'
conftest.c:115: error: 'newvar' undeclared (first use in this function)
conftest.c:115: error: (Each undeclared identifier is reported only once
conftest.c:115: error: for each function it appears in.)
conftest.c:125: error: 'for' loop initial declarations are only allowed in C99 mode
conftest.c:125: note: use option -std=c99 or -std=gnu99 to compile your code
configure:4235: $? = 1
configure: failed program was:
| /* confdefs.h */
| #define PACKAGE_NAME "openocd"
| #define PACKAGE_TARNAME "openocd"
| #define PACKAGE_VERSION "0.9.0"
| #define PACKAGE_STRING "openocd 0.9.0"
| #define PACKAGE_BUGREPORT "OpenOCD Mailing List <openocd-devel@lists.sourceforge.net>"
| #define PACKAGE_URL ""
| #define PACKAGE "openocd"
| #define VERSION "0.9.0"
| /* end confdefs.h.  */
| #include <stdarg.h>
| #include <stdbool.h>
| #include <stdlib.h>
| #include <wchar.h>
| #include <stdio.h>
| 
| // Check varargs macros.  These examples are taken from C99 6.10.3.5.
| #define debug(...) fprintf (stderr, __VA_ARGS__)
| #define showlist(...) puts (#__VA_ARGS__)
| #define report(test,...) ((test) ? puts (#test) : printf (__VA_ARGS__))
| static void
| test_varargs_macros (void)
| {
|   int x = 1234;
|   int y = 5678;
|   debug ("Flag");
|   debug ("X = %d\n", x);
|   showlist (The first, second, and third items.);
|   report (x>y, "x is %d but y is %d", x, y);
| }
| 
| // Check long long types.
| #define BIG64 18446744073709551615ull
| #define BIG32 4294967295ul
| #define BIG_OK (BIG64 / BIG32 == 4294967297ull && BIG64 % BIG32 == 0)
| #if !BIG_OK
|   your preprocessor is broken;
| #endif
| #if BIG_OK
| #else
|   your preprocessor is broken;
| #endif
| static long long int bignum = -9223372036854775807LL;
| static unsigned long long int ubignum = BIG64;
| 
| struct incomplete_array
| {
|   int datasize;
|   double data[];
| };
| 
| struct named_init {
|   int number;
|   const wchar_t *name;
|   double average;
| };
| 
| typedef const char *ccp;
| 
| static inline int
| test_restrict (ccp restrict text)
| {
|   // See if C++-style comments work.
|   // Iterate through items via the restricted pointer.
|   // Also check for declarations in for loops.
|   for (unsigned int i = 0; *(text+i) != '\0'; ++i)
|     continue;
|   return 0;
| }
| 
| // Check varargs and va_copy.
| static void
| test_varargs (const char *format, ...)
| {
|   va_list args;
|   va_start (args, format);
|   va_list args_copy;
|   va_copy (args_copy, args);
| 
|   const char *str;
|   int number;
|   float fnumber;
| 
|   while (*format)
|     {
|       switch (*format++)
| 	{
| 	case 's': // string
| 	  str = va_arg (args_copy, const char *);
| 	  break;
| 	case 'd': // int
| 	  number = va_arg (args_copy, int);
| 	  break;
| 	case 'f': // float
| 	  fnumber = va_arg (args_copy, double);
| 	  break;
| 	default:
| 	  break;
| 	}
|     }
|   va_end (args_copy);
|   va_end (args);
| }
| 
| int
| main ()
| {
| 
|   // Check bool.
|   _Bool success = false;
| 
|   // Check restrict.
|   if (test_restrict ("String literal") == 0)
|     success = true;
|   char *restrict newvar = "Another string";
| 
|   // Check varargs.
|   test_varargs ("s, d' f .", "string", 65, 34.234);
|   test_varargs_macros ();
| 
|   // Check flexible array members.
|   struct incomplete_array *ia =
|     malloc (sizeof (struct incomplete_array) + (sizeof (double) * 10));
|   ia->datasize = 10;
|   for (int i = 0; i < ia->datasize; ++i)
|     ia->data[i] = i * 1.234;
| 
|   // Check named initializers.
|   struct named_init ni = {
|     .number = 34,
|     .name = L"Test wide string",
|     .average = 543.34343,
|   };
| 
|   ni.number = 58;
| 
|   int dynamic_array[ni.number];
|   dynamic_array[ni.number - 1] = 543;
| 
|   // work around unused variable warnings
|   return (!success || bignum == 0LL || ubignum == 0uLL || newvar[0] == 'x'
| 	  || dynamic_array[ni.number - 1] != 543);
| 
|   ;
|   return 0;
| }
configure:4235: gcc -std=gnu99 -c -g -O2  conftest.c >&5
configure:4235: $? = 0
configure:4255: result: -std=gnu99
configure:4264: checking whether gcc -std=gnu99 and cc understand -c and -o together
configure:4295: gcc -std=gnu99 -c conftest.c -o conftest2.o >&5
configure:4299: $? = 0
configure:4305: gcc -std=gnu99 -c conftest.c -o conftest2.o >&5
configure:4309: $? = 0
configure:4320: cc -c conftest.c >&5
configure:4324: $? = 0
configure:4332: cc -c conftest.c -o conftest2.o >&5
configure:4336: $? = 0
configure:4342: cc -c conftest.c -o conftest2.o >&5
configure:4346: $? = 0
configure:4364: result: yes
configure:4432: checking for ranlib
configure:4448: found /usr/bin/ranlib
configure:4459: result: ranlib
configure:4534: checking for pkg-config
configure:4552: found /usr/bin/pkg-config
configure:4564: result: /usr/bin/pkg-config
configure:4589: checking pkg-config is at least version 0.23
configure:4592: result: yes
configure:4664: checking build system type
configure:4678: result: armv5tejl-unknown-linux-gnueabi
configure:4698: checking host system type
configure:4711: result: armv5tejl-unknown-linux-gnueabi
configure:4752: checking how to print strings
configure:4779: result: printf
configure:4800: checking for a sed that does not truncate output
configure:4864: result: /bin/sed
configure:4882: checking for grep that handles long lines and -e
configure:4940: result: /bin/grep
configure:4945: checking for egrep
configure:5007: result: /bin/grep -E
configure:5012: checking for fgrep
configure:5074: result: /bin/grep -F
configure:5109: checking for ld used by gcc -std=gnu99
configure:5176: result: /usr/bin/ld
configure:5183: checking if the linker (/usr/bin/ld) is GNU ld
configure:5198: result: yes
configure:5210: checking for BSD- or MS-compatible name lister (nm)
configure:5259: result: /usr/bin/nm -B
configure:5389: checking the name lister (/usr/bin/nm -B) interface
configure:5396: gcc -std=gnu99 -c -g -O2  conftest.c >&5
configure:5399: /usr/bin/nm -B "conftest.o"
configure:5402: output
00000000 B some_variable
configure:5409: result: BSD nm
configure:5412: checking whether ln -s works
configure:5416: result: yes
configure:5424: checking the maximum length of command line arguments
configure:5549: result: 1572864
configure:5566: checking whether the shell understands some XSI constructs
configure:5576: result: yes
configure:5580: checking whether the shell understands "+="
configure:5586: result: yes
configure:5621: checking how to convert armv5tejl-unknown-linux-gnueabi file names to armv5tejl-unknown-linux-gnueabi format
configure:5661: result: func_convert_file_noop
configure:5668: checking how to convert armv5tejl-unknown-linux-gnueabi file names to toolchain format
configure:5688: result: func_convert_file_noop
configure:5695: checking for /usr/bin/ld option to reload object files
configure:5702: result: -r
configure:5776: checking for objdump
configure:5792: found /usr/bin/objdump
configure:5803: result: objdump
configure:5835: checking how to recognize dependent libraries
configure:6037: result: pass_all
configure:6122: checking for dlltool
configure:6152: result: no
configure:6182: checking how to associate runtime and link libraries
configure:6209: result: printf %s\n
configure:6270: checking for ar
configure:6286: found /usr/bin/ar
configure:6297: result: ar
configure:6334: checking for archiver @FILE support
configure:6351: gcc -std=gnu99 -c -g -O2  conftest.c >&5
configure:6351: $? = 0
configure:6354: ar cru libconftest.a @conftest.lst >&5
configure:6357: $? = 0
configure:6362: ar cru libconftest.a @conftest.lst >&5
ar: conftest.o: No such file or directory
configure:6365: $? = 1
configure:6377: result: @
configure:6435: checking for strip
configure:6451: found /usr/bin/strip
configure:6462: result: strip
configure:6534: checking for ranlib
configure:6561: result: ranlib
configure:6663: checking command to parse /usr/bin/nm -B output from gcc -std=gnu99 object
configure:6782: gcc -std=gnu99 -c -g -O2  conftest.c >&5
configure:6785: $? = 0
configure:6789: /usr/bin/nm -B conftest.o \| sed -n -e 's/^.*[ ]\([ABCDGIRSTW][ABCDGIRSTW]*\)[ ][ ]*\([_A-Za-z][_A-Za-z0-9]*\)$/\1 \2 \2/p' | sed '/ __gnu_lto/d' \> conftest.nm
configure:6792: $? = 0
configure:6858: gcc -std=gnu99 -o conftest -g -O2   conftest.c conftstm.o >&5
configure:6861: $? = 0
configure:6899: result: ok
configure:6936: checking for sysroot
configure:6966: result: no
configure:7209: checking for mt
configure:7239: result: no
configure:7259: checking if : is a manifest tool
configure:7265: : '-?'
configure:7273: result: no
configure:7905: checking how to run the C preprocessor
configure:7936: gcc -std=gnu99 -E  conftest.c
configure:7936: $? = 0
configure:7950: gcc -std=gnu99 -E  conftest.c
conftest.c:11:28: error: ac_nonexistent.h: No such file or directory
configure:7950: $? = 1
configure: failed program was:
| /* confdefs.h */
| #define PACKAGE_NAME "openocd"
| #define PACKAGE_TARNAME "openocd"
| #define PACKAGE_VERSION "0.9.0"
| #define PACKAGE_STRING "openocd 0.9.0"
| #define PACKAGE_BUGREPORT "OpenOCD Mailing List <openocd-devel@lists.sourceforge.net>"
| #define PACKAGE_URL ""
| #define PACKAGE "openocd"
| #define VERSION "0.9.0"
| /* end confdefs.h.  */
| #include <ac_nonexistent.h>
configure:7975: result: gcc -std=gnu99 -E
configure:7995: gcc -std=gnu99 -E  conftest.c
configure:7995: $? = 0
configure:8009: gcc -std=gnu99 -E  conftest.c
conftest.c:11:28: error: ac_nonexistent.h: No such file or directory
configure:8009: $? = 1
configure: failed program was:
| /* confdefs.h */
| #define PACKAGE_NAME "openocd"
| #define PACKAGE_TARNAME "openocd"
| #define PACKAGE_VERSION "0.9.0"
| #define PACKAGE_STRING "openocd 0.9.0"
| #define PACKAGE_BUGREPORT "OpenOCD Mailing List <openocd-devel@lists.sourceforge.net>"
| #define PACKAGE_URL ""
| #define PACKAGE "openocd"
| #define VERSION "0.9.0"
| /* end confdefs.h.  */
| #include <ac_nonexistent.h>
configure:8038: checking for ANSI C header files
configure:8058: gcc -std=gnu99 -c -g -O2  conftest.c >&5
configure:8058: $? = 0
configure:8131: gcc -std=gnu99 -o conftest -g -O2   conftest.c  >&5
configure:8131: $? = 0
configure:8131: ./conftest
configure:8131: $? = 0
configure:8142: result: yes
configure:8155: checking for sys/types.h
configure:8155: gcc -std=gnu99 -c -g -O2  conftest.c >&5
configure:8155: $? = 0
configure:8155: result: yes
configure:8155: checking for sys/stat.h
configure:8155: gcc -std=gnu99 -c -g -O2  conftest.c >&5
configure:8155: $? = 0
configure:8155: result: yes
configure:8155: checking for stdlib.h
configure:8155: gcc -std=gnu99 -c -g -O2  conftest.c >&5
configure:8155: $? = 0
configure:8155: result: yes
configure:8155: checking for string.h
configure:8155: gcc -std=gnu99 -c -g -O2  conftest.c >&5
configure:8155: $? = 0
configure:8155: result: yes
configure:8155: checking for memory.h
configure:8155: gcc -std=gnu99 -c -g -O2  conftest.c >&5
configure:8155: $? = 0
configure:8155: result: yes
configure:8155: checking for strings.h
configure:8155: gcc -std=gnu99 -c -g -O2  conftest.c >&5
configure:8155: $? = 0
configure:8155: result: yes
configure:8155: checking for inttypes.h
configure:8155: gcc -std=gnu99 -c -g -O2  conftest.c >&5
configure:8155: $? = 0
configure:8155: result: yes
configure:8155: checking for stdint.h
configure:8155: gcc -std=gnu99 -c -g -O2  conftest.c >&5
configure:8155: $? = 0
configure:8155: result: yes
configure:8155: checking for unistd.h
configure:8155: gcc -std=gnu99 -c -g -O2  conftest.c >&5
configure:8155: $? = 0
configure:8155: result: yes
configure:8169: checking for dlfcn.h
configure:8169: gcc -std=gnu99 -c -g -O2  conftest.c >&5
configure:8169: $? = 0
configure:8169: result: yes
configure:8326: checking for objdir
configure:8341: result: .libs
configure:8608: checking if gcc -std=gnu99 supports -fno-rtti -fno-exceptions
configure:8626: gcc -std=gnu99 -c -g -O2  -fno-rtti -fno-exceptions conftest.c >&5
cc1: warning: command line option "-fno-rtti" is valid for C++/ObjC++ but not for C
configure:8630: $? = 0
configure:8643: result: no
configure:8953: checking for gcc -std=gnu99 option to produce PIC
configure:8960: result: -fPIC -DPIC
configure:8968: checking if gcc -std=gnu99 PIC flag -fPIC -DPIC works
configure:8986: gcc -std=gnu99 -c -g -O2  -fPIC -DPIC -DPIC conftest.c >&5
configure:8990: $? = 0
configure:9003: result: yes
configure:9032: checking if gcc -std=gnu99 static flag -static works
configure:9060: result: yes
configure:9075: checking if gcc -std=gnu99 supports -c -o file.o
configure:9096: gcc -std=gnu99 -c -g -O2  -o out/conftest2.o conftest.c >&5
configure:9100: $? = 0
configure:9122: result: yes
configure:9130: checking if gcc -std=gnu99 supports -c -o file.o
configure:9177: result: yes
configure:9210: checking whether the gcc -std=gnu99 linker (/usr/bin/ld) supports shared libraries
configure:10368: result: yes
configure:10613: checking dynamic linker characteristics
configure:11127: gcc -std=gnu99 -o conftest -g -O2   -Wl,-rpath -Wl,/foo conftest.c  >&5
configure:11127: $? = 0
configure:11349: result: GNU/Linux ld.so
configure:11456: checking how to hardcode library paths into programs
configure:11481: result: immediate
configure:12021: checking whether stripping libraries is possible
configure:12026: result: yes
configure:12061: checking if libtool supports shared libraries
configure:12063: result: yes
configure:12066: checking whether to build shared libraries
configure:12087: result: no
configure:12090: checking whether to build static libraries
configure:12094: result: yes
configure:12131: checking for an ANSI C-conforming const
configure:12196: gcc -std=gnu99 -c -g -O2  conftest.c >&5
configure:12196: $? = 0
configure:12203: result: yes
configure:12212: checking for long long int
configure:12249: gcc -std=gnu99 -o conftest -g -O2   conftest.c  >&5
configure:12249: $? = 0
configure:12279: gcc -std=gnu99 -o conftest -g -O2   conftest.c  >&5
configure:12279: $? = 0
configure:12279: ./conftest
configure:12279: $? = 0
configure:12294: result: yes
configure:12303: checking for library containing ioperm
configure:12334: gcc -std=gnu99 -o conftest -g -O2   conftest.c  >&5
configure:12334: $? = 0
configure:12351: result: none required
configure:12359: checking for library containing dlopen
configure:12390: gcc -std=gnu99 -o conftest -g -O2   conftest.c  >&5
/tmp/ccc4m8ds.o: In function `main':
/root/openocd-0.9.0_usbprog5/conftest.c:35: undefined reference to `dlopen'
collect2: ld returned 1 exit status
configure:12390: $? = 1
configure: failed program was:
| /* confdefs.h */
| #define PACKAGE_NAME "openocd"
| #define PACKAGE_TARNAME "openocd"
| #define PACKAGE_VERSION "0.9.0"
| #define PACKAGE_STRING "openocd 0.9.0"
| #define PACKAGE_BUGREPORT "OpenOCD Mailing List <openocd-devel@lists.sourceforge.net>"
| #define PACKAGE_URL ""
| #define PACKAGE "openocd"
| #define VERSION "0.9.0"
| #define STDC_HEADERS 1
| #define HAVE_SYS_TYPES_H 1
| #define HAVE_SYS_STAT_H 1
| #define HAVE_STDLIB_H 1
| #define HAVE_STRING_H 1
| #define HAVE_MEMORY_H 1
| #define HAVE_STRINGS_H 1
| #define HAVE_INTTYPES_H 1
| #define HAVE_STDINT_H 1
| #define HAVE_UNISTD_H 1
| #define HAVE_DLFCN_H 1
| #define LT_OBJDIR ".libs/"
| #define HAVE_LONG_LONG_INT 1
| /* end confdefs.h.  */
| 
| /* Override any GCC internal prototype to avoid an error.
|    Use char because int might match the return type of a GCC
|    builtin and then its argument prototype would still apply.  */
| #ifdef __cplusplus
| extern "C"
| #endif
| char dlopen ();
| int
| main ()
| {
| return dlopen ();
|   ;
|   return 0;
| }
configure:12390: gcc -std=gnu99 -o conftest -g -O2   conftest.c -ldl   >&5
configure:12390: $? = 0
configure:12407: result: -ldl
configure:12418: checking sys/socket.h usability
configure:12418: gcc -std=gnu99 -c -g -O2  conftest.c >&5
configure:12418: $? = 0
configure:12418: result: yes
configure:12418: checking sys/socket.h presence
configure:12418: gcc -std=gnu99 -E  conftest.c
configure:12418: $? = 0
configure:12418: result: yes
configure:12418: checking for sys/socket.h
configure:12418: result: yes
configure:12430: checking for arpa/inet.h
configure:12430: gcc -std=gnu99 -c -g -O2  conftest.c >&5
configure:12430: $? = 0
configure:12430: result: yes
configure:12455: checking elf.h usability
configure:12455: gcc -std=gnu99 -c -g -O2  conftest.c >&5
configure:12455: $? = 0
configure:12455: result: yes
configure:12455: checking elf.h presence
configure:12455: gcc -std=gnu99 -E  conftest.c
configure:12455: $? = 0
configure:12455: result: yes
configure:12455: checking for elf.h
configure:12455: result: yes
configure:12467: checking dirent.h usability
configure:12467: gcc -std=gnu99 -c -g -O2  conftest.c >&5
configure:12467: $? = 0
configure:12467: result: yes
configure:12467: checking dirent.h presence
configure:12467: gcc -std=gnu99 -E  conftest.c
configure:12467: $? = 0
configure:12467: result: yes
configure:12467: checking for dirent.h
configure:12467: result: yes
configure:12479: checking fcntl.h usability
configure:12479: gcc -std=gnu99 -c -g -O2  conftest.c >&5
configure:12479: $? = 0
configure:12479: result: yes
configure:12479: checking fcntl.h presence
configure:12479: gcc -std=gnu99 -E  conftest.c
configure:12479: $? = 0
configure:12479: result: yes
configure:12479: checking for fcntl.h
configure:12479: result: yes
configure:12491: checking for ifaddrs.h
configure:12491: gcc -std=gnu99 -c -g -O2  conftest.c >&5
configure:12491: $? = 0
configure:12491: result: yes
configure:12516: checking malloc.h usability
configure:12516: gcc -std=gnu99 -c -g -O2  conftest.c >&5
configure:12516: $? = 0
configure:12516: result: yes
configure:12516: checking malloc.h presence
configure:12516: gcc -std=gnu99 -E  conftest.c
configure:12516: $? = 0
configure:12516: result: yes
configure:12516: checking for malloc.h
configure:12516: result: yes
configure:12528: checking netdb.h usability
configure:12528: gcc -std=gnu99 -c -g -O2  conftest.c >&5
configure:12528: $? = 0
configure:12528: result: yes
configure:12528: checking netdb.h presence
configure:12528: gcc -std=gnu99 -E  conftest.c
configure:12528: $? = 0
configure:12528: result: yes
configure:12528: checking for netdb.h
configure:12528: result: yes
configure:12540: checking for netinet/in.h
configure:12540: gcc -std=gnu99 -c -g -O2  conftest.c >&5
configure:12540: $? = 0
configure:12540: result: yes
configure:12565: checking for netinet/tcp.h
configure:12565: gcc -std=gnu99 -c -g -O2  conftest.c >&5
configure:12565: $? = 0
configure:12565: result: yes
configure:12590: checking pthread.h usability
configure:12590: gcc -std=gnu99 -c -g -O2  conftest.c >&5
configure:12590: $? = 0
configure:12590: result: yes
configure:12590: checking pthread.h presence
configure:12590: gcc -std=gnu99 -E  conftest.c
configure:12590: $? = 0
configure:12590: result: yes
configure:12590: checking for pthread.h
configure:12590: result: yes
configure:12602: checking for strings.h
configure:12602: result: yes
configure:12614: checking sys/ioctl.h usability
configure:12614: gcc -std=gnu99 -c -g -O2  conftest.c >&5
configure:12614: $? = 0
configure:12614: result: yes
configure:12614: checking sys/ioctl.h presence
configure:12614: gcc -std=gnu99 -E  conftest.c
configure:12614: $? = 0
configure:12614: result: yes
configure:12614: checking for sys/ioctl.h
configure:12614: result: yes
configure:12626: checking sys/param.h usability
configure:12626: gcc -std=gnu99 -c -g -O2  conftest.c >&5
configure:12626: $? = 0
configure:12626: result: yes
configure:12626: checking sys/param.h presence
configure:12626: gcc -std=gnu99 -E  conftest.c
configure:12626: $? = 0
configure:12626: result: yes
configure:12626: checking for sys/param.h
configure:12626: result: yes
configure:12638: checking sys/poll.h usability
configure:12638: gcc -std=gnu99 -c -g -O2  conftest.c >&5
configure:12638: $? = 0
configure:12638: result: yes
configure:12638: checking sys/poll.h presence
configure:12638: gcc -std=gnu99 -E  conftest.c
configure:12638: $? = 0
configure:12638: result: yes
configure:12638: checking for sys/poll.h
configure:12638: result: yes
configure:12650: checking sys/select.h usability
configure:12650: gcc -std=gnu99 -c -g -O2  conftest.c >&5
configure:12650: $? = 0
configure:12650: result: yes
configure:12650: checking sys/select.h presence
configure:12650: gcc -std=gnu99 -E  conftest.c
configure:12650: $? = 0
configure:12650: result: yes
configure:12650: checking for sys/select.h
configure:12650: result: yes
configure:12662: checking for sys/stat.h
configure:12662: result: yes
configure:12674: checking sys/time.h usability
configure:12674: gcc -std=gnu99 -c -g -O2  conftest.c >&5
configure:12674: $? = 0
configure:12674: result: yes
configure:12674: checking sys/time.h presence
configure:12674: gcc -std=gnu99 -E  conftest.c
configure:12674: $? = 0
configure:12674: result: yes
configure:12674: checking for sys/time.h
configure:12674: result: yes
configure:12686: checking for sys/types.h
configure:12686: result: yes
configure:12698: checking for unistd.h
configure:12698: result: yes
configure:12710: checking for net/if.h
configure:12710: gcc -std=gnu99 -c -g -O2  conftest.c >&5
configure:12710: $? = 0
configure:12710: result: yes
configure:12735: checking whether to enable assertions
configure:12753: result: yes
configure:12756: checking for stdbool.h that conforms to C99
configure:12841: gcc -std=gnu99 -c -g -O2  conftest.c >&5
configure:12841: $? = 0
configure:12848: result: yes
configure:12850: checking for _Bool
configure:12850: gcc -std=gnu99 -c -g -O2  conftest.c >&5
configure:12850: $? = 0
configure:12850: gcc -std=gnu99 -c -g -O2  conftest.c >&5
conftest.c: In function 'main':
conftest.c:81: error: expected expression before ')' token
configure:12850: $? = 1
configure: failed program was:
| /* confdefs.h */
| #define PACKAGE_NAME "openocd"
| #define PACKAGE_TARNAME "openocd"
| #define PACKAGE_VERSION "0.9.0"
| #define PACKAGE_STRING "openocd 0.9.0"
| #define PACKAGE_BUGREPORT "OpenOCD Mailing List <openocd-devel@lists.sourceforge.net>"
| #define PACKAGE_URL ""
| #define PACKAGE "openocd"
| #define VERSION "0.9.0"
| #define STDC_HEADERS 1
| #define HAVE_SYS_TYPES_H 1
| #define HAVE_SYS_STAT_H 1
| #define HAVE_STDLIB_H 1
| #define HAVE_STRING_H 1
| #define HAVE_MEMORY_H 1
| #define HAVE_STRINGS_H 1
| #define HAVE_INTTYPES_H 1
| #define HAVE_STDINT_H 1
| #define HAVE_UNISTD_H 1
| #define HAVE_DLFCN_H 1
| #define LT_OBJDIR ".libs/"
| #define HAVE_LONG_LONG_INT 1
| #define HAVE_SYS_SOCKET_H 1
| #define HAVE_ARPA_INET_H 1
| #define HAVE_ELF_H 1
| #define HAVE_DIRENT_H 1
| #define HAVE_FCNTL_H 1
| #define HAVE_IFADDRS_H 1
| #define HAVE_MALLOC_H 1
| #define HAVE_NETDB_H 1
| #define HAVE_NETINET_IN_H 1
| #define HAVE_NETINET_TCP_H 1
| #define HAVE_PTHREAD_H 1
| #define HAVE_STRINGS_H 1
| #define HAVE_SYS_IOCTL_H 1
| #define HAVE_SYS_PARAM_H 1
| #define HAVE_SYS_POLL_H 1
| #define HAVE_SYS_SELECT_H 1
| #define HAVE_SYS_STAT_H 1
| #define HAVE_SYS_TIME_H 1
| #define HAVE_SYS_TYPES_H 1
| #define HAVE_UNISTD_H 1
| #define HAVE_NET_IF_H 1
| /* end confdefs.h.  */
| #include <stdio.h>
| #ifdef HAVE_SYS_TYPES_H
| # include <sys/types.h>
| #endif
| #ifdef HAVE_SYS_STAT_H
| # include <sys/stat.h>
| #endif
| #ifdef STDC_HEADERS
| # include <stdlib.h>
| # include <stddef.h>
| #else
| # ifdef HAVE_STDLIB_H
| #  include <stdlib.h>
| # endif
| #endif
| #ifdef HAVE_STRING_H
| # if !defined STDC_HEADERS && defined HAVE_MEMORY_H
| #  include <memory.h>
| # endif
| # include <string.h>
| #endif
| #ifdef HAVE_STRINGS_H
| # include <strings.h>
| #endif
| #ifdef HAVE_INTTYPES_H
| # include <inttypes.h>
| #endif
| #ifdef HAVE_STDINT_H
| # include <stdint.h>
| #endif
| #ifdef HAVE_UNISTD_H
| # include <unistd.h>
| #endif
| int
| main ()
| {
| if (sizeof ((_Bool)))
| 	    return 0;
|   ;
|   return 0;
| }
configure:12850: result: yes
configure:12866: checking whether time.h and sys/time.h may both be included
configure:12886: gcc -std=gnu99 -c -g -O2  conftest.c >&5
configure:12886: $? = 0
configure:12893: result: yes
configure:12902: checking whether byte ordering is bigendian
configure:12917: gcc -std=gnu99 -c -g -O2  conftest.c >&5
conftest.c:49: error: expected '=', ',', ';', 'asm' or '__attribute__' before 'a'
configure:12917: $? = 1
configure: failed program was:
| /* confdefs.h */
| #define PACKAGE_NAME "openocd"
| #define PACKAGE_TARNAME "openocd"
| #define PACKAGE_VERSION "0.9.0"
| #define PACKAGE_STRING "openocd 0.9.0"
| #define PACKAGE_BUGREPORT "OpenOCD Mailing List <openocd-devel@lists.sourceforge.net>"
| #define PACKAGE_URL ""
| #define PACKAGE "openocd"
| #define VERSION "0.9.0"
| #define STDC_HEADERS 1
| #define HAVE_SYS_TYPES_H 1
| #define HAVE_SYS_STAT_H 1
| #define HAVE_STDLIB_H 1
| #define HAVE_STRING_H 1
| #define HAVE_MEMORY_H 1
| #define HAVE_STRINGS_H 1
| #define HAVE_INTTYPES_H 1
| #define HAVE_STDINT_H 1
| #define HAVE_UNISTD_H 1
| #define HAVE_DLFCN_H 1
| #define LT_OBJDIR ".libs/"
| #define HAVE_LONG_LONG_INT 1
| #define HAVE_SYS_SOCKET_H 1
| #define HAVE_ARPA_INET_H 1
| #define HAVE_ELF_H 1
| #define HAVE_DIRENT_H 1
| #define HAVE_FCNTL_H 1
| #define HAVE_IFADDRS_H 1
| #define HAVE_MALLOC_H 1
| #define HAVE_NETDB_H 1
| #define HAVE_NETINET_IN_H 1
| #define HAVE_NETINET_TCP_H 1
| #define HAVE_PTHREAD_H 1
| #define HAVE_STRINGS_H 1
| #define HAVE_SYS_IOCTL_H 1
| #define HAVE_SYS_PARAM_H 1
| #define HAVE_SYS_POLL_H 1
| #define HAVE_SYS_SELECT_H 1
| #define HAVE_SYS_STAT_H 1
| #define HAVE_SYS_TIME_H 1
| #define HAVE_SYS_TYPES_H 1
| #define HAVE_UNISTD_H 1
| #define HAVE_NET_IF_H 1
| #define HAVE__BOOL 1
| #define HAVE_STDBOOL_H 1
| #define TIME_WITH_SYS_TIME 1
| /* end confdefs.h.  */
| #ifndef __APPLE_CC__
| 	       not a universal capable compiler
| 	     #endif
| 	     typedef int dummy;
| 
configure:12962: gcc -std=gnu99 -c -g -O2  conftest.c >&5
configure:12962: $? = 0
configure:12980: gcc -std=gnu99 -c -g -O2  conftest.c >&5
conftest.c: In function 'main':
conftest.c:55: error: 'not' undeclared (first use in this function)
conftest.c:55: error: (Each undeclared identifier is reported only once
conftest.c:55: error: for each function it appears in.)
conftest.c:55: error: expected ';' before 'big'
configure:12980: $? = 1
configure: failed program was:
| /* confdefs.h */
| #define PACKAGE_NAME "openocd"
| #define PACKAGE_TARNAME "openocd"
| #define PACKAGE_VERSION "0.9.0"
| #define PACKAGE_STRING "openocd 0.9.0"
| #define PACKAGE_BUGREPORT "OpenOCD Mailing List <openocd-devel@lists.sourceforge.net>"
| #define PACKAGE_URL ""
| #define PACKAGE "openocd"
| #define VERSION "0.9.0"
| #define STDC_HEADERS 1
| #define HAVE_SYS_TYPES_H 1
| #define HAVE_SYS_STAT_H 1
| #define HAVE_STDLIB_H 1
| #define HAVE_STRING_H 1
| #define HAVE_MEMORY_H 1
| #define HAVE_STRINGS_H 1
| #define HAVE_INTTYPES_H 1
| #define HAVE_STDINT_H 1
| #define HAVE_UNISTD_H 1
| #define HAVE_DLFCN_H 1
| #define LT_OBJDIR ".libs/"
| #define HAVE_LONG_LONG_INT 1
| #define HAVE_SYS_SOCKET_H 1
| #define HAVE_ARPA_INET_H 1
| #define HAVE_ELF_H 1
| #define HAVE_DIRENT_H 1
| #define HAVE_FCNTL_H 1
| #define HAVE_IFADDRS_H 1
| #define HAVE_MALLOC_H 1
| #define HAVE_NETDB_H 1
| #define HAVE_NETINET_IN_H 1
| #define HAVE_NETINET_TCP_H 1
| #define HAVE_PTHREAD_H 1
| #define HAVE_STRINGS_H 1
| #define HAVE_SYS_IOCTL_H 1
| #define HAVE_SYS_PARAM_H 1
| #define HAVE_SYS_POLL_H 1
| #define HAVE_SYS_SELECT_H 1
| #define HAVE_SYS_STAT_H 1
| #define HAVE_SYS_TIME_H 1
| #define HAVE_SYS_TYPES_H 1
| #define HAVE_UNISTD_H 1
| #define HAVE_NET_IF_H 1
| #define HAVE__BOOL 1
| #define HAVE_STDBOOL_H 1
| #define TIME_WITH_SYS_TIME 1
| /* end confdefs.h.  */
| #include <sys/types.h>
| 		#include <sys/param.h>
| 
| int
| main ()
| {
| #if BYTE_ORDER != BIG_ENDIAN
| 		 not big endian
| 		#endif
| 
|   ;
|   return 0;
| }
configure:13108: result: no
configure:13129: checking for strndup
configure:13129: gcc -std=gnu99 -o conftest -g -O2   conftest.c -ldl  >&5
conftest.c:71: warning: conflicting types for built-in function 'strndup'
configure:13129: $? = 0
configure:13129: result: yes
configure:13140: checking for strnlen
configure:13140: gcc -std=gnu99 -o conftest -g -O2   conftest.c -ldl  >&5
configure:13140: $? = 0
configure:13140: result: yes
configure:13151: checking for gettimeofday
configure:13151: gcc -std=gnu99 -o conftest -g -O2   conftest.c -ldl  >&5
configure:13151: $? = 0
configure:13151: result: yes
configure:13162: checking for usleep
configure:13162: gcc -std=gnu99 -o conftest -g -O2   conftest.c -ldl  >&5
configure:13162: $? = 0
configure:13162: result: yes
configure:13173: checking for vasprintf
configure:13173: gcc -std=gnu99 -o conftest -g -O2   conftest.c -ldl  >&5
configure:13173: $? = 0
configure:13173: result: yes
configure:13191: checking whether to build a release
configure:13198: result: yes
configure:13336: checking whether to build Doxygen as HTML
configure:13338: result: yes
configure:13349: checking whether to build Doxygen as PDF
configure:13351: result: no
configure:13411: checking whether to enable verbose JTAG I/O messages
configure:13413: result: no
configure:13421: checking whether to enable verbose USB I/O messages
configure:13423: result: no
configure:13431: checking whether to enable verbose USB communication messages
configure:13433: result: no
configure:13448: checking whether to enable malloc free space logging
configure:13450: result: no
configure:13809: checking whether to enable ZY1000 minidriver
configure:13820: result: no
configure:13831: checking whether to enable dummy minidriver
configure:13845: result: no
configure:13848: checking whether standard drivers can be built
configure:13857: result: yes
configure:15018: checking for LIBUSB1
configure:15025: $PKG_CONFIG --exists --print-errors "libusb-1.0"
configure:15028: $? = 0
configure:15041: $PKG_CONFIG --exists --print-errors "libusb-1.0"
configure:15044: $? = 0
configure:15089: result: yes
configure:15097: $PKG_CONFIG --exists --print-errors "libusb-1.0 >= 1.0.9"
Requested 'libusb-1.0 >= 1.0.9' but version of libusb-1.0 is 1.0.8
configure:15100: $? = 1
configure:15106: WARNING: libusb-1.x older than 1.0.9 detected, consider updating
configure:15110: libusb-1.0 header bug workaround: LIBUSB1_CFLAGS changed to "-isystem /usr/include/libusb-1.0"
configure:15117: checking for LIBUSB0
configure:15124: $PKG_CONFIG --exists --print-errors "libusb"
configure:15127: $? = 0
configure:15140: $PKG_CONFIG --exists --print-errors "libusb"
configure:15143: $? = 0
configure:15180: result: yes
configure:15188: checking for HIDAPI
configure:15195: $PKG_CONFIG --exists --print-errors "$hidapi_lib"
Package hidapi was not found in the pkg-config search path.
Perhaps you should add the directory containing `hidapi.pc'
to the PKG_CONFIG_PATH environment variable
No package 'hidapi' found
configure:15198: $? = 1
configure:15211: $PKG_CONFIG --exists --print-errors "$hidapi_lib"
Package hidapi was not found in the pkg-config search path.
Perhaps you should add the directory containing `hidapi.pc'
to the PKG_CONFIG_PATH environment variable
No package 'hidapi' found
configure:15214: $? = 1
configure:15227: result: no
No package 'hidapi' found
configure:15188: checking for HIDAPI
configure:15195: $PKG_CONFIG --exists --print-errors "$hidapi_lib"
Package hidapi-hidraw was not found in the pkg-config search path.
Perhaps you should add the directory containing `hidapi-hidraw.pc'
to the PKG_CONFIG_PATH environment variable
No package 'hidapi-hidraw' found
configure:15198: $? = 1
configure:15211: $PKG_CONFIG --exists --print-errors "$hidapi_lib"
Package hidapi-hidraw was not found in the pkg-config search path.
Perhaps you should add the directory containing `hidapi-hidraw.pc'
to the PKG_CONFIG_PATH environment variable
No package 'hidapi-hidraw' found
configure:15214: $? = 1
configure:15227: result: no
No package 'hidapi-hidraw' found
configure:15188: checking for HIDAPI
configure:15195: $PKG_CONFIG --exists --print-errors "$hidapi_lib"
Package hidapi-libusb was not found in the pkg-config search path.
Perhaps you should add the directory containing `hidapi-libusb.pc'
to the PKG_CONFIG_PATH environment variable
No package 'hidapi-libusb' found
configure:15198: $? = 1
configure:15211: $PKG_CONFIG --exists --print-errors "$hidapi_lib"
Package hidapi-libusb was not found in the pkg-config search path.
Perhaps you should add the directory containing `hidapi-libusb.pc'
to the PKG_CONFIG_PATH environment variable
No package 'hidapi-libusb' found
configure:15214: $? = 1
configure:15227: result: no
No package 'hidapi-libusb' found
configure:15955: checking for environ in unistd.h and stdlib.h
configure:15973: gcc -std=gnu99 -c -g -O2  conftest.c >&5
configure:15973: $? = 0
configure:15975: result: yes
configure:16383: creating ./config.status

## ---------------------- ##
## Running config.status. ##
## ---------------------- ##

This file was extended by openocd config.status 0.9.0, which was
generated by GNU Autoconf 2.67.  Invocation command line was

  CONFIG_FILES    = 
  CONFIG_HEADERS  = 
  CONFIG_LINKS    = 
  CONFIG_COMMANDS = 
  $ ./config.status 

on usbprog5

config.status:1299: creating Makefile
config.status:1299: creating src/Makefile
config.status:1299: creating src/helper/Makefile
config.status:1299: creating src/jtag/Makefile
config.status:1299: creating src/jtag/drivers/Makefile
config.status:1299: creating src/jtag/drivers/usb_blaster/Makefile
config.status:1299: creating src/jtag/hla/Makefile
config.status:1299: creating src/jtag/aice/Makefile
config.status:1299: creating src/transport/Makefile
config.status:1299: creating src/target/openrisc/Makefile
config.status:1299: creating src/xsvf/Makefile
config.status:1299: creating src/svf/Makefile
config.status:1299: creating src/target/Makefile
config.status:1299: creating src/rtos/Makefile
config.status:1299: creating src/server/Makefile
config.status:1299: creating src/flash/Makefile
config.status:1299: creating src/flash/nor/Makefile
config.status:1299: creating src/flash/nand/Makefile
config.status:1299: creating src/pld/Makefile
config.status:1299: creating doc/Makefile
config.status:1299: creating config.h
config.status:1527: executing depfiles commands
config.status:1527: executing libtool commands
configure:18703: === configuring in jimtcl (/root/openocd-0.9.0_usbprog5/jimtcl)
configure:18766: running /bin/bash ./configure.gnu --disable-option-checking '--prefix=/usr/local'  '--enable-usbprog5' --cache-file=/dev/null --srcdir=.

## ---------------- ##
## Cache variables. ##
## ---------------- ##

ac_cv_build=armv5tejl-unknown-linux-gnueabi
ac_cv_c_bigendian=no
ac_cv_c_compiler_gnu=yes
ac_cv_c_const=yes
ac_cv_env_CC_set=
ac_cv_env_CC_value=
ac_cv_env_CFLAGS_set=
ac_cv_env_CFLAGS_value=
ac_cv_env_CPPFLAGS_set=
ac_cv_env_CPPFLAGS_value=
ac_cv_env_CPP_set=
ac_cv_env_CPP_value=
ac_cv_env_HIDAPI_CFLAGS_set=
ac_cv_env_HIDAPI_CFLAGS_value=
ac_cv_env_HIDAPI_LIBS_set=
ac_cv_env_HIDAPI_LIBS_value=
ac_cv_env_LDFLAGS_set=
ac_cv_env_LDFLAGS_value=
ac_cv_env_LIBFTDI_CFLAGS_set=
ac_cv_env_LIBFTDI_CFLAGS_value=
ac_cv_env_LIBFTDI_LIBS_set=
ac_cv_env_LIBFTDI_LIBS_value=
ac_cv_env_LIBS_set=
ac_cv_env_LIBS_value=
ac_cv_env_LIBUSB0_CFLAGS_set=
ac_cv_env_LIBUSB0_CFLAGS_value=
ac_cv_env_LIBUSB0_LIBS_set=
ac_cv_env_LIBUSB0_LIBS_value=
ac_cv_env_LIBUSB1_CFLAGS_set=
ac_cv_env_LIBUSB1_CFLAGS_value=
ac_cv_env_LIBUSB1_LIBS_set=
ac_cv_env_LIBUSB1_LIBS_value=
ac_cv_env_PKG_CONFIG_LIBDIR_set=
ac_cv_env_PKG_CONFIG_LIBDIR_value=
ac_cv_env_PKG_CONFIG_PATH_set=
ac_cv_env_PKG_CONFIG_PATH_value=
ac_cv_env_PKG_CONFIG_set=
ac_cv_env_PKG_CONFIG_value=
ac_cv_env_build_alias_set=
ac_cv_env_build_alias_value=
ac_cv_env_host_alias_set=
ac_cv_env_host_alias_value=
ac_cv_env_target_alias_set=
ac_cv_env_target_alias_value=
ac_cv_func_gettimeofday=yes
ac_cv_func_strndup=yes
ac_cv_func_strnlen=yes
ac_cv_func_usleep=yes
ac_cv_func_vasprintf=yes
ac_cv_header_arpa_inet_h=yes
ac_cv_header_dirent_h=yes
ac_cv_header_dlfcn_h=yes
ac_cv_header_elf_h=yes
ac_cv_header_fcntl_h=yes
ac_cv_header_ifaddrs_h=yes
ac_cv_header_inttypes_h=yes
ac_cv_header_malloc_h=yes
ac_cv_header_memory_h=yes
ac_cv_header_net_if_h=yes
ac_cv_header_netdb_h=yes
ac_cv_header_netinet_in_h=yes
ac_cv_header_netinet_tcp_h=yes
ac_cv_header_pthread_h=yes
ac_cv_header_stdbool_h=yes
ac_cv_header_stdc=yes
ac_cv_header_stdint_h=yes
ac_cv_header_stdlib_h=yes
ac_cv_header_string_h=yes
ac_cv_header_strings_h=yes
ac_cv_header_sys_ioctl_h=yes
ac_cv_header_sys_param_h=yes
ac_cv_header_sys_poll_h=yes
ac_cv_header_sys_select_h=yes
ac_cv_header_sys_socket_h=yes
ac_cv_header_sys_stat_h=yes
ac_cv_header_sys_time_h=yes
ac_cv_header_sys_types_h=yes
ac_cv_header_time=yes
ac_cv_header_unistd_h=yes
ac_cv_host=armv5tejl-unknown-linux-gnueabi
ac_cv_objext=o
ac_cv_path_EGREP='/bin/grep -E'
ac_cv_path_FGREP='/bin/grep -F'
ac_cv_path_GREP=/bin/grep
ac_cv_path_SED=/bin/sed
ac_cv_path_ac_pt_PKG_CONFIG=/usr/bin/pkg-config
ac_cv_path_install='/usr/bin/install -c'
ac_cv_path_mkdir=/bin/mkdir
ac_cv_prog_AWK=mawk
ac_cv_prog_CPP='gcc -std=gnu99 -E'
ac_cv_prog_MAKEINFO=makeinfo
ac_cv_prog_ac_ct_AR=ar
ac_cv_prog_ac_ct_CC=gcc
ac_cv_prog_ac_ct_OBJDUMP=objdump
ac_cv_prog_ac_ct_RANLIB=ranlib
ac_cv_prog_ac_ct_STRIP=strip
ac_cv_prog_cc_c89=
ac_cv_prog_cc_c99=-std=gnu99
ac_cv_prog_cc_g=yes
ac_cv_prog_cc_gcc_c_o=yes
ac_cv_prog_make_make_set=yes
ac_cv_search_dlopen=-ldl
ac_cv_search_ioperm='none required'
ac_cv_type__Bool=yes
ac_cv_type_long_long_int=yes
am_cv_CC_dependencies_compiler_type=gcc3
lt_cv_ar_at_file=@
lt_cv_deplibs_check_method=pass_all
lt_cv_file_magic_cmd='$MAGIC_CMD'
lt_cv_file_magic_test_file=
lt_cv_ld_reload_flag=-r
lt_cv_nm_interface='BSD nm'
lt_cv_objdir=.libs
lt_cv_path_LD=/usr/bin/ld
lt_cv_path_NM='/usr/bin/nm -B'
lt_cv_path_mainfest_tool=no
lt_cv_prog_compiler_c_o=yes
lt_cv_prog_compiler_pic='-fPIC -DPIC'
lt_cv_prog_compiler_pic_works=yes
lt_cv_prog_compiler_rtti_exceptions=no
lt_cv_prog_compiler_static_works=yes
lt_cv_prog_gnu_ld=yes
lt_cv_sharedlib_from_linklib_cmd='printf %s\n'
lt_cv_shlibpath_overrides_runpath=no
lt_cv_sys_global_symbol_pipe='sed -n -e '\''s/^.*[	 ]\([ABCDGIRSTW][ABCDGIRSTW]*\)[	 ][	 ]*\([_A-Za-z][_A-Za-z0-9]*\)$/\1 \2 \2/p'\'' | sed '\''/ __gnu_lto/d'\'''
lt_cv_sys_global_symbol_to_c_name_address='sed -n -e '\''s/^: \([^ ]*\)[ ]*$/  {\"\1\", (void *) 0},/p'\'' -e '\''s/^[ABCDGIRSTW]* \([^ ]*\) \([^ ]*\)$/  {"\2", (void *) \&\2},/p'\'''
lt_cv_sys_global_symbol_to_c_name_address_lib_prefix='sed -n -e '\''s/^: \([^ ]*\)[ ]*$/  {\"\1\", (void *) 0},/p'\'' -e '\''s/^[ABCDGIRSTW]* \([^ ]*\) \(lib[^ ]*\)$/  {"\2", (void *) \&\2},/p'\'' -e '\''s/^[ABCDGIRSTW]* \([^ ]*\) \([^ ]*\)$/  {"lib\2", (void *) \&\2},/p'\'''
lt_cv_sys_global_symbol_to_cdecl='sed -n -e '\''s/^T .* \(.*\)$/extern int \1();/p'\'' -e '\''s/^[ABCDGIRSTW]* .* \(.*\)$/extern char \1;/p'\'''
lt_cv_sys_max_cmd_len=1572864
lt_cv_to_host_file_cmd=func_convert_file_noop
lt_cv_to_tool_file_cmd=func_convert_file_noop
pkg_cv_LIBUSB0_CFLAGS=' '
pkg_cv_LIBUSB0_LIBS='-lusb  '
pkg_cv_LIBUSB1_CFLAGS='-I/usr/include/libusb-1.0  '
pkg_cv_LIBUSB1_LIBS='-lusb-1.0  '

## ----------------- ##
## Output variables. ##
## ----------------- ##

ACLOCAL='${SHELL} /root/openocd-0.9.0_usbprog5/missing --run aclocal-1.11'
AICE_FALSE='#'
AICE_TRUE=''
AMDEPBACKSLASH='\'
AMDEP_FALSE='#'
AMDEP_TRUE=''
AMTAR='${SHELL} /root/openocd-0.9.0_usbprog5/missing --run tar'
AMTJTAGACCEL_FALSE=''
AMTJTAGACCEL_TRUE='#'
AR='ar'
ARMJTAGEW_FALSE='#'
ARMJTAGEW_TRUE=''
AT91RM9200_FALSE=''
AT91RM9200_TRUE='#'
AUTOCONF='${SHELL} /root/openocd-0.9.0_usbprog5/missing --run autoconf'
AUTOHEADER='${SHELL} /root/openocd-0.9.0_usbprog5/missing --run autoheader'
AUTOMAKE='${SHELL} /root/openocd-0.9.0_usbprog5/missing --run automake-1.11'
AWK='mawk'
BCM2835GPIO_FALSE=''
BCM2835GPIO_TRUE='#'
BITBANG_FALSE=''
BITBANG_TRUE='#'
BITQ_FALSE=''
BITQ_TRUE='#'
BUSPIRATE_FALSE=''
BUSPIRATE_TRUE='#'
CC='gcc -std=gnu99'
CCDEPMODE='depmode=gcc3'
CFLAGS='-g -O2 -Wall -Wstrict-prototypes -Wformat-security -Wshadow -Wextra -Wno-unused-parameter -Wbad-function-cast -Wcast-align -Wredundant-decls -Werror'
CMSIS_DAP_FALSE=''
CMSIS_DAP_TRUE='#'
CPP='gcc -std=gnu99 -E'
CPPFLAGS=''
CYGPATH_W='echo'
DEFS='-DHAVE_CONFIG_H'
DEPDIR='.deps'
DLLTOOL='false'
DSYMUTIL=''
DUMMY_FALSE=''
DUMMY_TRUE='#'
DUMPBIN=''
ECHO_C=''
ECHO_N='-n'
ECHO_T=''
EGREP='/bin/grep -E'
EP93XX_FALSE=''
EP93XX_TRUE='#'
EXEEXT=''
FGREP='/bin/grep -F'
FT2232_DRIVER_FALSE=''
FT2232_DRIVER_TRUE='#'
FT2232_LIBFTDI_FALSE=''
FT2232_LIBFTDI_TRUE='#'
FTDI_FALSE='#'
FTDI_TRUE=''
GIVEIO_FALSE=''
GIVEIO_TRUE='#'
GREP='/bin/grep'
GW16012_FALSE=''
GW16012_TRUE='#'
HIDAPI_CFLAGS=''
HIDAPI_LIBS=''
HLADAPTER_FALSE='#'
HLADAPTER_ICDI_FALSE='#'
HLADAPTER_ICDI_TRUE=''
HLADAPTER_STLINK_FALSE='#'
HLADAPTER_STLINK_TRUE=''
HLADAPTER_TRUE=''
INSTALL_DATA='${INSTALL} -m 644'
INSTALL_PROGRAM='${INSTALL}'
INSTALL_SCRIPT='${INSTALL}'
INSTALL_STRIP_PROGRAM='$(install_sh) -c -s'
INTERNAL_JIMTCL_FALSE='#'
INTERNAL_JIMTCL_TRUE=''
IOUTIL_FALSE=''
IOUTIL_TRUE='#'
IS_CYGWIN_FALSE=''
IS_CYGWIN_TRUE='#'
IS_DARWIN_FALSE=''
IS_DARWIN_TRUE='#'
IS_MINGW_FALSE=''
IS_MINGW_TRUE='#'
IS_WIN32_FALSE=''
IS_WIN32_TRUE='#'
JLINK_FALSE='#'
JLINK_TRUE=''
JTAG_VPI_FALSE=''
JTAG_VPI_TRUE='#'
LD='/usr/bin/ld'
LDFLAGS=''
LIBFTDI_CFLAGS=''
LIBFTDI_LIBS=''
LIBOBJS=''
LIBS='-ldl '
LIBTOOL='$(SHELL) $(top_builddir)/libtool'
LIBTOOL_DEPS='./ltmain.sh'
LIBUSB0_CFLAGS=' '
LIBUSB0_LIBS='-lusb  '
LIBUSB1_CFLAGS='-isystem /usr/include/libusb-1.0'
LIBUSB1_LIBS='-lusb-1.0  '
LIPO=''
LN_S='ln -s'
LTLIBOBJS=''
MAKEINFO='makeinfo'
MANIFEST_TOOL=':'
MINIDRIVER_DUMMY_FALSE=''
MINIDRIVER_DUMMY_TRUE='#'
MINIDRIVER_FALSE=''
MINIDRIVER_TRUE='#'
MKDIR_P='/bin/mkdir -p'
NM='/usr/bin/nm -B'
NMEDIT=''
OBJDUMP='objdump'
OBJEXT='o'
OOCD_TRACE_FALSE=''
OOCD_TRACE_TRUE='#'
OPENDOUS_FALSE='#'
OPENDOUS_TRUE=''
OPENJTAG_FALSE=''
OPENJTAG_TRUE='#'
OSBDM_FALSE='#'
OSBDM_TRUE=''
OTOOL64=''
OTOOL=''
PACKAGE='openocd'
PACKAGE_BUGREPORT='OpenOCD Mailing List <openocd-devel@lists.sourceforge.net>'
PACKAGE_NAME='openocd'
PACKAGE_STRING='openocd 0.9.0'
PACKAGE_TARNAME='openocd'
PACKAGE_URL=''
PACKAGE_VERSION='0.9.0'
PARPORT_FALSE=''
PARPORT_TRUE='#'
PATH_SEPARATOR=':'
PKG_CONFIG='/usr/bin/pkg-config'
PKG_CONFIG_LIBDIR=''
PKG_CONFIG_PATH=''
PRESTO_DRIVER_FALSE=''
PRESTO_DRIVER_TRUE='#'
PRESTO_LIBFTDI_FALSE=''
PRESTO_LIBFTDI_TRUE='#'
RANLIB='ranlib'
RELEASE_FALSE='#'
RELEASE_TRUE=''
REMOTE_BITBANG_FALSE=''
REMOTE_BITBANG_TRUE='#'
RLINK_FALSE='#'
RLINK_TRUE=''
SED='/bin/sed'
SET_MAKE=''
SHELL='/bin/bash'
STRIP='strip'
SYSFSGPIO_FALSE=''
SYSFSGPIO_TRUE='#'
ULINK_FALSE='#'
ULINK_TRUE=''
USBPROG5_FALSE='#'
USBPROG5_TRUE=''
USBPROG_FALSE='#'
USBPROG_TRUE=''
USB_BLASTER_2_FALSE='#'
USB_BLASTER_2_TRUE=''
USB_BLASTER_DRIVER_FALSE='#'
USB_BLASTER_DRIVER_TRUE=''
USB_BLASTER_FTD2XX_FALSE=''
USB_BLASTER_FTD2XX_TRUE='#'
USB_BLASTER_LIBFTDI_FALSE=''
USB_BLASTER_LIBFTDI_TRUE='#'
USE_LIBUSB0_FALSE='#'
USE_LIBUSB0_TRUE=''
USE_LIBUSB1_FALSE='#'
USE_LIBUSB1_TRUE=''
VERSION='0.9.0'
VSLLINK_FALSE='#'
VSLLINK_TRUE=''
ZY1000_FALSE=''
ZY1000_MASTER_FALSE=''
ZY1000_MASTER_TRUE='#'
ZY1000_TRUE='#'
ac_ct_AR='ar'
ac_ct_CC='gcc'
ac_ct_DUMPBIN=''
am__EXEEXT_FALSE=''
am__EXEEXT_TRUE='#'
am__fastdepCC_FALSE='#'
am__fastdepCC_TRUE=''
am__include='include'
am__isrc=''
am__leading_dot='.'
am__quote=''
am__tar='${AMTAR} chof - "$$tardir"'
am__untar='${AMTAR} xf -'
bindir='${exec_prefix}/bin'
build='armv5tejl-unknown-linux-gnueabi'
build_alias=''
build_cpu='armv5tejl'
build_os='linux-gnueabi'
build_vendor='unknown'
datadir='${datarootdir}'
datarootdir='${prefix}/share'
docdir='${datarootdir}/doc/${PACKAGE_TARNAME}'
doxygen_as_html='yes'
doxygen_as_pdf='no'
dvidir='${docdir}'
exec_prefix='${prefix}'
host='armv5tejl-unknown-linux-gnueabi'
host_alias=''
host_cpu='armv5tejl'
host_os='linux-gnueabi'
host_vendor='unknown'
htmldir='${docdir}'
includedir='${prefix}/include'
infodir='${datarootdir}/info'
install_sh='${SHELL} /root/openocd-0.9.0_usbprog5/install-sh'
libdir='${exec_prefix}/lib'
libexecdir='${exec_prefix}/libexec'
localedir='${datarootdir}/locale'
localstatedir='${prefix}/var'
mandir='${datarootdir}/man'
mkdir_p='/bin/mkdir -p'
oldincludedir='/usr/include'
pdfdir='${docdir}'
prefix='/usr/local'
program_transform_name='s,x,x,'
psdir='${docdir}'
sbindir='${exec_prefix}/sbin'
sharedstatedir='${prefix}/com'
subdirs=' jimtcl'
sysconfdir='${prefix}/etc'
target_alias=''

## ----------- ##
## confdefs.h. ##
## ----------- ##

/* confdefs.h */
#define PACKAGE_NAME "openocd"
#define PACKAGE_TARNAME "openocd"
#define PACKAGE_VERSION "0.9.0"
#define PACKAGE_STRING "openocd 0.9.0"
#define PACKAGE_BUGREPORT "OpenOCD Mailing List <openocd-devel@lists.sourceforge.net>"
#define PACKAGE_URL ""
#define PACKAGE "openocd"
#define VERSION "0.9.0"
#define STDC_HEADERS 1
#define HAVE_SYS_TYPES_H 1
#define HAVE_SYS_STAT_H 1
#define HAVE_STDLIB_H 1
#define HAVE_STRING_H 1
#define HAVE_MEMORY_H 1
#define HAVE_STRINGS_H 1
#define HAVE_INTTYPES_H 1
#define HAVE_STDINT_H 1
#define HAVE_UNISTD_H 1
#define HAVE_DLFCN_H 1
#define LT_OBJDIR ".libs/"
#define HAVE_LONG_LONG_INT 1
#define HAVE_SYS_SOCKET_H 1
#define HAVE_ARPA_INET_H 1
#define HAVE_ELF_H 1
#define HAVE_DIRENT_H 1
#define HAVE_FCNTL_H 1
#define HAVE_IFADDRS_H 1
#define HAVE_MALLOC_H 1
#define HAVE_NETDB_H 1
#define HAVE_NETINET_IN_H 1
#define HAVE_NETINET_TCP_H 1
#define HAVE_PTHREAD_H 1
#define HAVE_STRINGS_H 1
#define HAVE_SYS_IOCTL_H 1
#define HAVE_SYS_PARAM_H 1
#define HAVE_SYS_POLL_H 1
#define HAVE_SYS_SELECT_H 1
#define HAVE_SYS_STAT_H 1
#define HAVE_SYS_TIME_H 1
#define HAVE_SYS_TYPES_H 1
#define HAVE_UNISTD_H 1
#define HAVE_NET_IF_H 1
#define HAVE__BOOL 1
#define HAVE_STDBOOL_H 1
#define TIME_WITH_SYS_TIME 1
#define HAVE_STRNDUP 1
#define HAVE_STRNLEN 1
#define HAVE_GETTIMEOFDAY 1
#define HAVE_USLEEP 1
#define HAVE_VASPRINTF 1
#define IS_CYGWIN 0
#define IS_WIN32 0
#define IS_DARWIN 0
#define BUILD_PARPORT 0
#define BUILD_DUMMY 0
#define BUILD_EP93XX 0
#define BUILD_ZY1000 0
#define BUILD_ZY1000_MASTER 0
#define BUILD_AT91RM9200 0
#define BUILD_BCM2835GPIO 0
#define PARPORT_USE_PPDEV 1
#define PARPORT_USE_GIVEIO 0
#define BUILD_BITBANG 0
#define BUILD_FT2232_LIBFTDI 0
#define BUILD_FT2232_FTD2XX 0
#define BUILD_USB_BLASTER_LIBFTDI 0
#define BUILD_JTAG_VPI 0
#define BUILD_USBPROG5 1
#define BUILD_USB_BLASTER_FTD2XX 0
#define BUILD_AMTJTAGACCEL 0
#define BUILD_GW16012 0
#define BUILD_PRESTO_LIBFTDI 0
#define BUILD_PRESTO_FTD2XX 0
#define BUILD_BITQ 0
#define BUILD_OPENJTAG 0
#define BUILD_OPENJTAG_FTD2XX 0
#define BUILD_OPENJTAG_LIBFTDI 0
#define BUILD_OOCD_TRACE 0
#define BUILD_BUSPIRATE 0
#define BUILD_REMOTE_BITBANG 0
#define BUILD_SYSFSGPIO 0
#define HAVE_LIBUSB1 1
#define BUILD_FTDI 1
#define BUILD_HLADAPTER_STLINK 1
#define BUILD_HLADAPTER_ICDI 1
#define BUILD_ULINK 1
#define BUILD_USB_BLASTER_2 1
#define BUILD_VSLLINK 1
#define BUILD_JLINK 1
#define BUILD_OSBDM 1
#define BUILD_OPENDOUS 1
#define BUILD_AICE 1
#define BUILD_USBPROG 1
#define BUILD_RLINK 1
#define BUILD_ARMJTAGEW 1
#define BUILD_HLADAPTER 1
#define _GNU_SOURCE 1

configure: exit 0
