This file contains any messages produced by compilers while
running configure, to aid debugging if configure makes a mistake.

It was created by avrdude configure 6.1, which was
generated by GNU Autoconf 2.67.  Invocation command line was

  $ ./configure --enable-usbprog5

## --------- ##
## Platform. ##
## --------- ##

hostname = usbprog5
uname -m = armv5tejl
uname -r = 3.3.0
uname -s = Linux
uname -v = #4 Fri Oct 17 11:32:11 CEST 2014

/usr/bin/uname -p = unknown
/bin/uname -X     = unknown

/bin/arch              = unknown
/usr/bin/arch -k       = unknown
/usr/convex/getsysinfo = unknown
/usr/bin/hostinfo      = unknown
/bin/machine           = unknown
/usr/bin/oslevel       = unknown
/bin/universe          = unknown

PATH: /usr/local/sbin
PATH: /usr/local/bin
PATH: /usr/sbin
PATH: /usr/bin
PATH: /sbin
PATH: /bin


## ----------- ##
## Core tests. ##
## ----------- ##

configure:2299: checking build system type
configure:2313: result: armv5tejl-unknown-linux-gnueabi
configure:2333: checking host system type
configure:2346: result: armv5tejl-unknown-linux-gnueabi
configure:2366: checking target system type
configure:2379: result: armv5tejl-unknown-linux-gnueabi
configure:2423: checking for a BSD-compatible install
configure:2491: result: /usr/bin/install -c
configure:2502: checking whether build environment is sane
configure:2552: result: yes
configure:2693: checking for a thread-safe mkdir -p
configure:2732: result: /bin/mkdir -p
configure:2745: checking for gawk
configure:2775: result: no
configure:2745: checking for mawk
configure:2761: found /usr/bin/mawk
configure:2772: result: mawk
configure:2783: checking whether make sets $(MAKE)
configure:2805: result: yes
configure:2937: checking for gcc
configure:2953: found /usr/bin/gcc
configure:2964: result: gcc
configure:3193: checking for C compiler version
configure:3202: gcc --version >&5
gcc (Debian 4.4.5-8) 4.4.5
Copyright (C) 2010 Free Software Foundation, Inc.
This is free software; see the source for copying conditions.  There is NO
warranty; not even for MERCHANTABILITY or FITNESS FOR A PARTICULAR PURPOSE.

configure:3213: $? = 0
configure:3202: gcc -v >&5
Using built-in specs.
Target: arm-linux-gnueabi
Configured with: ../src/configure -v --with-pkgversion='Debian 4.4.5-8' --with-bugurl=file:///usr/share/doc/gcc-4.4/README.Bugs --enable-languages=c,c++,fortran,objc,obj-c++ --prefix=/usr --program-suffix=-4.4 --enable-shared --enable-multiarch --enable-linker-build-id --with-system-zlib --libexecdir=/usr/lib --without-included-gettext --enable-threads=posix --with-gxx-include-dir=/usr/include/c++/4.4 --libdir=/usr/lib --enable-nls --enable-clocale=gnu --enable-libstdcxx-debug --enable-objc-gc --disable-sjlj-exceptions --enable-checking=release --build=arm-linux-gnueabi --host=arm-linux-gnueabi --target=arm-linux-gnueabi
Thread model: posix
gcc version 4.4.5 (Debian 4.4.5-8) 
configure:3213: $? = 0
configure:3202: gcc -V >&5
gcc: '-V' option must have argument
configure:3213: $? = 1
configure:3202: gcc -qversion >&5
gcc: unrecognized option '-qversion'
gcc: no input files
configure:3213: $? = 1
configure:3233: checking whether the C compiler works
configure:3255: gcc    conftest.c  >&5
configure:3259: $? = 0
configure:3307: result: yes
configure:3310: checking for C compiler default output file name
configure:3312: result: a.out
configure:3318: checking for suffix of executables
configure:3325: gcc -o conftest    conftest.c  >&5
configure:3329: $? = 0
configure:3351: result: 
configure:3373: checking whether we are cross compiling
configure:3381: gcc -o conftest    conftest.c  >&5
configure:3385: $? = 0
configure:3392: ./conftest
configure:3396: $? = 0
configure:3411: result: no
configure:3416: checking for suffix of object files
configure:3438: gcc -c   conftest.c >&5
configure:3442: $? = 0
configure:3463: result: o
configure:3467: checking whether we are using the GNU C compiler
configure:3486: gcc -c   conftest.c >&5
configure:3486: $? = 0
configure:3495: result: yes
configure:3504: checking whether gcc accepts -g
configure:3524: gcc -c -g  conftest.c >&5
configure:3524: $? = 0
configure:3565: result: yes
configure:3582: checking for gcc option to accept ISO C89
configure:3646: gcc  -c -g -O2  conftest.c >&5
configure:3646: $? = 0
configure:3659: result: none needed
configure:3690: checking for style of include used by make
configure:3718: result: GNU
configure:3743: checking dependency style of gcc
configure:3853: result: gcc3
configure:3869: checking for a sed that does not truncate output
configure:3933: result: /bin/sed
configure:3942: checking for bison
configure:3958: found /usr/bin/bison
configure:3969: result: bison -y
configure:3986: checking for flex
configure:4002: found /usr/bin/flex
configure:4013: result: flex
configure:4050: flex conftest.l
configure:4054: $? = 0
configure:4056: checking lex output file root
configure:4070: result: lex.yy
configure:4075: checking lex library
configure:4089: gcc -o conftest -g -O2   conftest.c   >&5
/tmp/ccD4azJy.o: In function `input':
/root/avrdude-6.1/lex.yy.c:1182: undefined reference to `yywrap'
/tmp/ccD4azJy.o: In function `yylex':
/root/avrdude-6.1/lex.yy.c:881: undefined reference to `yywrap'
/tmp/ccD4azJy.o: In function `main':
/root/avrdude-6.1/conftest.l:17: undefined reference to `yywrap'
collect2: ld returned 1 exit status
configure:4089: $? = 1
configure: failed program was:
| /* confdefs.h */
| #define PACKAGE_NAME "avrdude"
| #define PACKAGE_TARNAME "avrdude"
| #define PACKAGE_VERSION "6.1"
| #define PACKAGE_STRING "avrdude 6.1"
| #define PACKAGE_BUGREPORT "avrdude-dev@nongnu.org"
| #define PACKAGE_URL ""
| #define PACKAGE "avrdude"
| #define VERSION "6.1"
| /* end confdefs.h.  */
| 
| #line 3 "lex.yy.c"
| 
| #define  YY_INT_ALIGNED short int
| 
| /* A lexical scanner generated by flex */
| 
| #define FLEX_SCANNER
| #define YY_FLEX_MAJOR_VERSION 2
| #define YY_FLEX_MINOR_VERSION 5
| #define YY_FLEX_SUBMINOR_VERSION 35
| #if YY_FLEX_SUBMINOR_VERSION > 0
| #define FLEX_BETA
| #endif
| 
| /* First, we deal with  platform-specific or compiler-specific issues. */
| 
| /* begin standard C headers. */
| #include <stdio.h>
| #include <string.h>
| #include <errno.h>
| #include <stdlib.h>
| 
| /* end standard C headers. */
| 
| /* flex integer type definitions */
| 
| #ifndef FLEXINT_H
| #define FLEXINT_H
| 
| /* C99 systems have <inttypes.h>. Non-C99 systems may or may not. */
| 
| #if defined (__STDC_VERSION__) && __STDC_VERSION__ >= 199901L
| 
| /* C99 says to define __STDC_LIMIT_MACROS before including stdint.h,
|  * if you want the limit (max/min) macros for int types. 
|  */
| #ifndef __STDC_LIMIT_MACROS
| #define __STDC_LIMIT_MACROS 1
| #endif
| 
| #include <inttypes.h>
| typedef int8_t flex_int8_t;
| typedef uint8_t flex_uint8_t;
| typedef int16_t flex_int16_t;
| typedef uint16_t flex_uint16_t;
| typedef int32_t flex_int32_t;
| typedef uint32_t flex_uint32_t;
| #else
| typedef signed char flex_int8_t;
| typedef short int flex_int16_t;
| typedef int flex_int32_t;
| typedef unsigned char flex_uint8_t; 
| typedef unsigned short int flex_uint16_t;
| typedef unsigned int flex_uint32_t;
| 
| /* Limits of integral types. */
| #ifndef INT8_MIN
| #define INT8_MIN               (-128)
| #endif
| #ifndef INT16_MIN
| #define INT16_MIN              (-32767-1)
| #endif
| #ifndef INT32_MIN
| #define INT32_MIN              (-2147483647-1)
| #endif
| #ifndef INT8_MAX
| #define INT8_MAX               (127)
| #endif
| #ifndef INT16_MAX
| #define INT16_MAX              (32767)
| #endif
| #ifndef INT32_MAX
| #define INT32_MAX              (2147483647)
| #endif
| #ifndef UINT8_MAX
| #define UINT8_MAX              (255U)
| #endif
| #ifndef UINT16_MAX
| #define UINT16_MAX             (65535U)
| #endif
| #ifndef UINT32_MAX
| #define UINT32_MAX             (4294967295U)
| #endif
| 
| #endif /* ! C99 */
| 
| #endif /* ! FLEXINT_H */
| 
| #ifdef __cplusplus
| 
| /* The "const" storage-class-modifier is valid. */
| #define YY_USE_CONST
| 
| #else	/* ! __cplusplus */
| 
| /* C99 requires __STDC__ to be defined as 1. */
| #if defined (__STDC__)
| 
| #define YY_USE_CONST
| 
| #endif	/* defined (__STDC__) */
| #endif	/* ! __cplusplus */
| 
| #ifdef YY_USE_CONST
| #define yyconst const
| #else
| #define yyconst
| #endif
| 
| /* Returned upon end-of-file. */
| #define YY_NULL 0
| 
| /* Promotes a possibly negative, possibly signed char to an unsigned
|  * integer for use as an array index.  If the signed char is negative,
|  * we want to instead treat it as an 8-bit unsigned char, hence the
|  * double cast.
|  */
| #define YY_SC_TO_UI(c) ((unsigned int) (unsigned char) c)
| 
| /* Enter a start condition.  This macro really ought to take a parameter,
|  * but we do it the disgusting crufty way forced on us by the ()-less
|  * definition of BEGIN.
|  */
| #define BEGIN (yy_start) = 1 + 2 *
| 
| /* Translate the current start state into a value that can be later handed
|  * to BEGIN to return to the state.  The YYSTATE alias is for lex
|  * compatibility.
|  */
| #define YY_START (((yy_start) - 1) / 2)
| #define YYSTATE YY_START
| 
| /* Action number for EOF rule of a given start state. */
| #define YY_STATE_EOF(state) (YY_END_OF_BUFFER + state + 1)
| 
| /* Special action meaning "start processing a new file". */
| #define YY_NEW_FILE yyrestart(yyin  )
| 
| #define YY_END_OF_BUFFER_CHAR 0
| 
| /* Size of default input buffer. */
| #ifndef YY_BUF_SIZE
| #ifdef __ia64__
| /* On IA-64, the buffer size is 16k, not 8k.
|  * Moreover, YY_BUF_SIZE is 2*YY_READ_BUF_SIZE in the general case.
|  * Ditto for the __ia64__ case accordingly.
|  */
| #define YY_BUF_SIZE 32768
| #else
| #define YY_BUF_SIZE 16384
| #endif /* __ia64__ */
| #endif
| 
| /* The state buf must be large enough to hold one state per character in the main buffer.
|  */
| #define YY_STATE_BUF_SIZE   ((YY_BUF_SIZE + 2) * sizeof(yy_state_type))
| 
| #ifndef YY_TYPEDEF_YY_BUFFER_STATE
| #define YY_TYPEDEF_YY_BUFFER_STATE
| typedef struct yy_buffer_state *YY_BUFFER_STATE;
| #endif
| 
| extern int yyleng;
| 
| extern FILE *yyin, *yyout;
| 
| #define EOB_ACT_CONTINUE_SCAN 0
| #define EOB_ACT_END_OF_FILE 1
| #define EOB_ACT_LAST_MATCH 2
| 
|     #define YY_LESS_LINENO(n)
|     
| /* Return all but the first "n" matched characters back to the input stream. */
| #define yyless(n) \
| 	do \
| 		{ \
| 		/* Undo effects of setting up yytext. */ \
|         int yyless_macro_arg = (n); \
|         YY_LESS_LINENO(yyless_macro_arg);\
| 		*yy_cp = (yy_hold_char); \
| 		YY_RESTORE_YY_MORE_OFFSET \
| 		(yy_c_buf_p) = yy_cp = yy_bp + yyless_macro_arg - YY_MORE_ADJ; \
| 		YY_DO_BEFORE_ACTION; /* set up yytext again */ \
| 		} \
| 	while ( 0 )
| 
| #define unput(c) yyunput( c, (yytext_ptr)  )
| 
| #ifndef YY_TYPEDEF_YY_SIZE_T
| #define YY_TYPEDEF_YY_SIZE_T
| typedef size_t yy_size_t;
| #endif
| 
| #ifndef YY_STRUCT_YY_BUFFER_STATE
| #define YY_STRUCT_YY_BUFFER_STATE
| struct yy_buffer_state
| 	{
| 	FILE *yy_input_file;
| 
| 	char *yy_ch_buf;		/* input buffer */
| 	char *yy_buf_pos;		/* current position in input buffer */
| 
| 	/* Size of input buffer in bytes, not including room for EOB
| 	 * characters.
| 	 */
| 	yy_size_t yy_buf_size;
| 
| 	/* Number of characters read into yy_ch_buf, not including EOB
| 	 * characters.
| 	 */
| 	int yy_n_chars;
| 
| 	/* Whether we "own" the buffer - i.e., we know we created it,
| 	 * and can realloc() it to grow it, and should free() it to
| 	 * delete it.
| 	 */
| 	int yy_is_our_buffer;
| 
| 	/* Whether this is an "interactive" input source; if so, and
| 	 * if we're using stdio for input, then we want to use getc()
| 	 * instead of fread(), to make sure we stop fetching input after
| 	 * each newline.
| 	 */
| 	int yy_is_interactive;
| 
| 	/* Whether we're considered to be at the beginning of a line.
| 	 * If so, '^' rules will be active on the next match, otherwise
| 	 * not.
| 	 */
| 	int yy_at_bol;
| 
|     int yy_bs_lineno; /**< The line count. */
|     int yy_bs_column; /**< The column count. */
|     
| 	/* Whether to try to fill the input buffer when we reach the
| 	 * end of it.
| 	 */
| 	int yy_fill_buffer;
| 
| 	int yy_buffer_status;
| 
| #define YY_BUFFER_NEW 0
| #define YY_BUFFER_NORMAL 1
| 	/* When an EOF's been seen but there's still some text to process
| 	 * then we mark the buffer as YY_EOF_PENDING, to indicate that we
| 	 * shouldn't try reading from the input source any more.  We might
| 	 * still have a bunch of tokens to match, though, because of
| 	 * possible backing-up.
| 	 *
| 	 * When we actually see the EOF, we change the status to "new"
| 	 * (via yyrestart()), so that the user can continue scanning by
| 	 * just pointing yyin at a new input file.
| 	 */
| #define YY_BUFFER_EOF_PENDING 2
| 
| 	};
| #endif /* !YY_STRUCT_YY_BUFFER_STATE */
| 
| /* Stack of input buffers. */
| static size_t yy_buffer_stack_top = 0; /**< index of top of stack. */
| static size_t yy_buffer_stack_max = 0; /**< capacity of stack. */
| static YY_BUFFER_STATE * yy_buffer_stack = 0; /**< Stack as an array. */
| 
| /* We provide macros for accessing buffer states in case in the
|  * future we want to put the buffer states in a more general
|  * "scanner state".
|  *
|  * Returns the top of the stack, or NULL.
|  */
| #define YY_CURRENT_BUFFER ( (yy_buffer_stack) \
|                           ? (yy_buffer_stack)[(yy_buffer_stack_top)] \
|                           : NULL)
| 
| /* Same as previous macro, but useful when we know that the buffer stack is not
|  * NULL or when we need an lvalue. For internal use only.
|  */
| #define YY_CURRENT_BUFFER_LVALUE (yy_buffer_stack)[(yy_buffer_stack_top)]
| 
| /* yy_hold_char holds the character lost when yytext is formed. */
| static char yy_hold_char;
| static int yy_n_chars;		/* number of characters read into yy_ch_buf */
| int yyleng;
| 
| /* Points to current character in buffer. */
| static char *yy_c_buf_p = (char *) 0;
| static int yy_init = 0;		/* whether we need to initialize */
| static int yy_start = 0;	/* start state number */
| 
| /* Flag which is used to allow yywrap()'s to do buffer switches
|  * instead of setting up a fresh yyin.  A bit of a hack ...
|  */
| static int yy_did_buffer_switch_on_eof;
| 
| void yyrestart (FILE *input_file  );
| void yy_switch_to_buffer (YY_BUFFER_STATE new_buffer  );
| YY_BUFFER_STATE yy_create_buffer (FILE *file,int size  );
| void yy_delete_buffer (YY_BUFFER_STATE b  );
| void yy_flush_buffer (YY_BUFFER_STATE b  );
| void yypush_buffer_state (YY_BUFFER_STATE new_buffer  );
| void yypop_buffer_state (void );
| 
| static void yyensure_buffer_stack (void );
| static void yy_load_buffer_state (void );
| static void yy_init_buffer (YY_BUFFER_STATE b,FILE *file  );
| 
| #define YY_FLUSH_BUFFER yy_flush_buffer(YY_CURRENT_BUFFER )
| 
| YY_BUFFER_STATE yy_scan_buffer (char *base,yy_size_t size  );
| YY_BUFFER_STATE yy_scan_string (yyconst char *yy_str  );
| YY_BUFFER_STATE yy_scan_bytes (yyconst char *bytes,int len  );
| 
| void *yyalloc (yy_size_t  );
| void *yyrealloc (void *,yy_size_t  );
| void yyfree (void *  );
| 
| #define yy_new_buffer yy_create_buffer
| 
| #define yy_set_interactive(is_interactive) \
| 	{ \
| 	if ( ! YY_CURRENT_BUFFER ){ \
|         yyensure_buffer_stack (); \
| 		YY_CURRENT_BUFFER_LVALUE =    \
|             yy_create_buffer(yyin,YY_BUF_SIZE ); \
| 	} \
| 	YY_CURRENT_BUFFER_LVALUE->yy_is_interactive = is_interactive; \
| 	}
| 
| #define yy_set_bol(at_bol) \
| 	{ \
| 	if ( ! YY_CURRENT_BUFFER ){\
|         yyensure_buffer_stack (); \
| 		YY_CURRENT_BUFFER_LVALUE =    \
|             yy_create_buffer(yyin,YY_BUF_SIZE ); \
| 	} \
| 	YY_CURRENT_BUFFER_LVALUE->yy_at_bol = at_bol; \
| 	}
| 
| #define YY_AT_BOL() (YY_CURRENT_BUFFER_LVALUE->yy_at_bol)
| 
| /* Begin user sect3 */
| 
| typedef unsigned char YY_CHAR;
| 
| FILE *yyin = (FILE *) 0, *yyout = (FILE *) 0;
| 
| typedef int yy_state_type;
| 
| extern int yylineno;
| 
| int yylineno = 1;
| 
| extern char *yytext;
| #define yytext_ptr yytext
| 
| static yy_state_type yy_get_previous_state (void );
| static yy_state_type yy_try_NUL_trans (yy_state_type current_state  );
| static int yy_get_next_buffer (void );
| static void yy_fatal_error (yyconst char msg[]  );
| 
| /* Done after the current pattern has been matched and before the
|  * corresponding action - sets up yytext.
|  */
| #define YY_DO_BEFORE_ACTION \
| 	(yytext_ptr) = yy_bp; \
| 	(yytext_ptr) -= (yy_more_len); \
| 	yyleng = (size_t) (yy_cp - (yytext_ptr)); \
| 	(yy_hold_char) = *yy_cp; \
| 	*yy_cp = '\0'; \
| 	(yy_c_buf_p) = yy_cp;
| 
| #define YY_NUM_RULES 8
| #define YY_END_OF_BUFFER 9
| /* This struct is not used in this scanner,
|    but its presence is necessary. */
| struct yy_trans_info
| 	{
| 	flex_int32_t yy_verify;
| 	flex_int32_t yy_nxt;
| 	};
| static yyconst flex_int16_t yy_acclist[23] =
|     {   0,
|         9,    7,    8,    8,    1,    7,    8,    2,    7,    8,
|         3,    7,    8,    4,    7,    8,    5,    7,    8,    6,
|         7,    8
|     } ;
| 
| static yyconst flex_int16_t yy_accept[14] =
|     {   0,
|         1,    1,    1,    2,    4,    5,    8,   11,   14,   17,
|        20,   23,   23
|     } ;
| 
| static yyconst flex_int32_t yy_ec[256] =
|     {   0,
|         1,    1,    1,    1,    1,    1,    1,    1,    1,    2,
|         1,    1,    1,    1,    1,    1,    1,    1,    1,    1,
|         1,    1,    1,    1,    1,    1,    1,    1,    1,    1,
|         1,    1,    1,    1,    1,    1,    1,    1,    1,    1,
|         1,    1,    1,    1,    1,    1,    1,    1,    1,    1,
|         1,    1,    1,    1,    1,    1,    1,    1,    1,    1,
|         1,    1,    1,    1,    1,    1,    1,    1,    1,    1,
|         1,    1,    1,    1,    1,    1,    1,    1,    1,    1,
|         1,    1,    1,    1,    1,    1,    1,    1,    1,    1,
|         1,    1,    1,    1,    1,    1,    3,    4,    5,    6,
| 
|         7,    8,    1,    1,    1,    1,    1,    1,    1,    1,
|         1,    1,    1,    1,    1,    1,    1,    1,    1,    1,
|         1,    1,    1,    1,    1,    1,    1,    1,    1,    1,
|         1,    1,    1,    1,    1,    1,    1,    1,    1,    1,
|         1,    1,    1,    1,    1,    1,    1,    1,    1,    1,
|         1,    1,    1,    1,    1,    1,    1,    1,    1,    1,
|         1,    1,    1,    1,    1,    1,    1,    1,    1,    1,
|         1,    1,    1,    1,    1,    1,    1,    1,    1,    1,
|         1,    1,    1,    1,    1,    1,    1,    1,    1,    1,
|         1,    1,    1,    1,    1,    1,    1,    1,    1,    1,
| 
|         1,    1,    1,    1,    1,    1,    1,    1,    1,    1,
|         1,    1,    1,    1,    1,    1,    1,    1,    1,    1,
|         1,    1,    1,    1,    1,    1,    1,    1,    1,    1,
|         1,    1,    1,    1,    1,    1,    1,    1,    1,    1,
|         1,    1,    1,    1,    1,    1,    1,    1,    1,    1,
|         1,    1,    1,    1,    1
|     } ;
| 
| static yyconst flex_int32_t yy_meta[9] =
|     {   0,
|         1,    1,    1,    1,    1,    1,    1,    1
|     } ;
| 
| static yyconst flex_int16_t yy_base[13] =
|     {   0,
|         0,    0,    9,   10,   10,   10,   10,   10,   10,   10,
|        10,   10
|     } ;
| 
| static yyconst flex_int16_t yy_def[13] =
|     {   0,
|        12,    1,   12,   12,   12,   12,   12,   12,   12,   12,
|        12,    0
|     } ;
| 
| static yyconst flex_int16_t yy_nxt[19] =
|     {   0,
|         4,    5,    6,    7,    8,    9,   10,   11,   12,    3,
|        12,   12,   12,   12,   12,   12,   12,   12
|     } ;
| 
| static yyconst flex_int16_t yy_chk[19] =
|     {   0,
|         1,    1,    1,    1,    1,    1,    1,    1,    3,   12,
|        12,   12,   12,   12,   12,   12,   12,   12
|     } ;
| 
| extern int yy_flex_debug;
| int yy_flex_debug = 0;
| 
| static yy_state_type *yy_state_buf=0, *yy_state_ptr=0;
| static char *yy_full_match;
| static int yy_lp;
| #define REJECT \
| { \
| *yy_cp = (yy_hold_char); /* undo effects of setting up yytext */ \
| yy_cp = (yy_full_match); /* restore poss. backed-over text */ \
| ++(yy_lp); \
| goto find_rule; \
| }
| 
| static int yy_more_flag = 0;
| static int yy_more_len = 0;
| #define yymore() ((yy_more_flag) = 1)
| #define YY_MORE_ADJ (yy_more_len)
| #define YY_RESTORE_YY_MORE_OFFSET
| char *yytext;
| #line 1 "conftest.l"
| #line 477 "lex.yy.c"
| 
| #define INITIAL 0
| 
| #ifndef YY_NO_UNISTD_H
| /* Special case for "unistd.h", since it is non-ANSI. We include it way
|  * down here because we want the user's section 1 to have been scanned first.
|  * The user has a chance to override it with an option.
|  */
| #include <unistd.h>
| #endif
| 
| #ifndef YY_EXTRA_TYPE
| #define YY_EXTRA_TYPE void *
| #endif
| 
| static int yy_init_globals (void );
| 
| /* Accessor methods to globals.
|    These are made visible to non-reentrant scanners for convenience. */
| 
| int yylex_destroy (void );
| 
| int yyget_debug (void );
| 
| void yyset_debug (int debug_flag  );
| 
| YY_EXTRA_TYPE yyget_extra (void );
| 
| void yyset_extra (YY_EXTRA_TYPE user_defined  );
| 
| FILE *yyget_in (void );
| 
| void yyset_in  (FILE * in_str  );
| 
| FILE *yyget_out (void );
| 
| void yyset_out  (FILE * out_str  );
| 
| int yyget_leng (void );
| 
| char *yyget_text (void );
| 
| int yyget_lineno (void );
| 
| void yyset_lineno (int line_number  );
| 
| /* Macros after this point can all be overridden by user definitions in
|  * section 1.
|  */
| 
| #ifndef YY_SKIP_YYWRAP
| #ifdef __cplusplus
| extern "C" int yywrap (void );
| #else
| extern int yywrap (void );
| #endif
| #endif
| 
|     static void yyunput (int c,char *buf_ptr  );
|     
| #ifndef yytext_ptr
| static void yy_flex_strncpy (char *,yyconst char *,int );
| #endif
| 
| #ifdef YY_NEED_STRLEN
| static int yy_flex_strlen (yyconst char * );
| #endif
| 
| #ifndef YY_NO_INPUT
| 
| #ifdef __cplusplus
| static int yyinput (void );
| #else
| static int input (void );
| #endif
| 
| #endif
| 
| /* Amount of stuff to slurp up with each read. */
| #ifndef YY_READ_BUF_SIZE
| #ifdef __ia64__
| /* On IA-64, the buffer size is 16k, not 8k */
| #define YY_READ_BUF_SIZE 16384
| #else
| #define YY_READ_BUF_SIZE 8192
| #endif /* __ia64__ */
| #endif
| 
| /* Copy whatever the last rule matched to the standard output. */
| #ifndef ECHO
| /* This used to be an fputs(), but since the string might contain NUL's,
|  * we now use fwrite().
|  */
| #define ECHO do { if (fwrite( yytext, yyleng, 1, yyout )) {} } while (0)
| #endif
| 
| /* Gets input and stuffs it into "buf".  number of characters read, or YY_NULL,
|  * is returned in "result".
|  */
| #ifndef YY_INPUT
| #define YY_INPUT(buf,result,max_size) \
| 	if ( YY_CURRENT_BUFFER_LVALUE->yy_is_interactive ) \
| 		{ \
| 		int c = '*'; \
| 		size_t n; \
| 		for ( n = 0; n < max_size && \
| 			     (c = getc( yyin )) != EOF && c != '\n'; ++n ) \
| 			buf[n] = (char) c; \
| 		if ( c == '\n' ) \
| 			buf[n++] = (char) c; \
| 		if ( c == EOF && ferror( yyin ) ) \
| 			YY_FATAL_ERROR( "input in flex scanner failed" ); \
| 		result = n; \
| 		} \
| 	else \
| 		{ \
| 		errno=0; \
| 		while ( (result = fread(buf, 1, max_size, yyin))==0 && ferror(yyin)) \
| 			{ \
| 			if( errno != EINTR) \
| 				{ \
| 				YY_FATAL_ERROR( "input in flex scanner failed" ); \
| 				break; \
| 				} \
| 			errno=0; \
| 			clearerr(yyin); \
| 			} \
| 		}\
| \
| 
| #endif
| 
| /* No semi-colon after return; correct usage is to write "yyterminate();" -
|  * we don't want an extra ';' after the "return" because that will cause
|  * some compilers to complain about unreachable statements.
|  */
| #ifndef yyterminate
| #define yyterminate() return YY_NULL
| #endif
| 
| /* Number of entries by which start-condition stack grows. */
| #ifndef YY_START_STACK_INCR
| #define YY_START_STACK_INCR 25
| #endif
| 
| /* Report a fatal error. */
| #ifndef YY_FATAL_ERROR
| #define YY_FATAL_ERROR(msg) yy_fatal_error( msg )
| #endif
| 
| /* end tables serialization structures and prototypes */
| 
| /* Default declaration of generated scanner - a define so the user can
|  * easily add parameters.
|  */
| #ifndef YY_DECL
| #define YY_DECL_IS_OURS 1
| 
| extern int yylex (void);
| 
| #define YY_DECL int yylex (void)
| #endif /* !YY_DECL */
| 
| /* Code executed at the beginning of each rule, after yytext and yyleng
|  * have been set up.
|  */
| #ifndef YY_USER_ACTION
| #define YY_USER_ACTION
| #endif
| 
| /* Code executed at the end of each rule. */
| #ifndef YY_BREAK
| #define YY_BREAK break;
| #endif
| 
| #define YY_RULE_SETUP \
| 	YY_USER_ACTION
| 
| /** The main scanner function which does all the work.
|  */
| YY_DECL
| {
| 	register yy_state_type yy_current_state;
| 	register char *yy_cp, *yy_bp;
| 	register int yy_act;
|     
| #line 1 "conftest.l"
| 
| #line 666 "lex.yy.c"
| 
| 	if ( !(yy_init) )
| 		{
| 		(yy_init) = 1;
| 
| #ifdef YY_USER_INIT
| 		YY_USER_INIT;
| #endif
| 
|         /* Create the reject buffer large enough to save one state per allowed character. */
|         if ( ! (yy_state_buf) )
|             (yy_state_buf) = (yy_state_type *)yyalloc(YY_STATE_BUF_SIZE  );
|             if ( ! (yy_state_buf) )
|                 YY_FATAL_ERROR( "out of dynamic memory in yylex()" );
| 
| 		if ( ! (yy_start) )
| 			(yy_start) = 1;	/* first start state */
| 
| 		if ( ! yyin )
| 			yyin = stdin;
| 
| 		if ( ! yyout )
| 			yyout = stdout;
| 
| 		if ( ! YY_CURRENT_BUFFER ) {
| 			yyensure_buffer_stack ();
| 			YY_CURRENT_BUFFER_LVALUE =
| 				yy_create_buffer(yyin,YY_BUF_SIZE );
| 		}
| 
| 		yy_load_buffer_state( );
| 		}
| 
| 	while ( 1 )		/* loops until end-of-file is reached */
| 		{
| 		(yy_more_len) = 0;
| 		if ( (yy_more_flag) )
| 			{
| 			(yy_more_len) = (yy_c_buf_p) - (yytext_ptr);
| 			(yy_more_flag) = 0;
| 			}
| 		yy_cp = (yy_c_buf_p);
| 
| 		/* Support of yytext. */
| 		*yy_cp = (yy_hold_char);
| 
| 		/* yy_bp points to the position in yy_ch_buf of the start of
| 		 * the current run.
| 		 */
| 		yy_bp = yy_cp;
| 
| 		yy_current_state = (yy_start);
| 
| 		(yy_state_ptr) = (yy_state_buf);
| 		*(yy_state_ptr)++ = yy_current_state;
| 
| yy_match:
| 		do
| 			{
| 			register YY_CHAR yy_c = yy_ec[YY_SC_TO_UI(*yy_cp)];
| 			while ( yy_chk[yy_base[yy_current_state] + yy_c] != yy_current_state )
| 				{
| 				yy_current_state = (int) yy_def[yy_current_state];
| 				if ( yy_current_state >= 13 )
| 					yy_c = yy_meta[(unsigned int) yy_c];
| 				}
| 			yy_current_state = yy_nxt[yy_base[yy_current_state] + (unsigned int) yy_c];
| 			*(yy_state_ptr)++ = yy_current_state;
| 			++yy_cp;
| 			}
| 		while ( yy_base[yy_current_state] != 10 );
| 
| yy_find_action:
| 		yy_current_state = *--(yy_state_ptr);
| 		(yy_lp) = yy_accept[yy_current_state];
| find_rule: /* we branch to this label when backing up */
| 		for ( ; ; ) /* until we find what rule we matched */
| 			{
| 			if ( (yy_lp) && (yy_lp) < yy_accept[yy_current_state + 1] )
| 				{
| 				yy_act = yy_acclist[(yy_lp)];
| 					{
| 					(yy_full_match) = yy_cp;
| 					break;
| 					}
| 				}
| 			--yy_cp;
| 			yy_current_state = *--(yy_state_ptr);
| 			(yy_lp) = yy_accept[yy_current_state];
| 			}
| 
| 		YY_DO_BEFORE_ACTION;
| 
| do_action:	/* This label is used only to access EOF actions. */
| 
| 		switch ( yy_act )
| 	{ /* beginning of action switch */
| case 1:
| YY_RULE_SETUP
| #line 2 "conftest.l"
| { ECHO; }
| 	YY_BREAK
| case 2:
| YY_RULE_SETUP
| #line 3 "conftest.l"
| { REJECT; }
| 	YY_BREAK
| case 3:
| YY_RULE_SETUP
| #line 4 "conftest.l"
| { yymore (); }
| 	YY_BREAK
| case 4:
| YY_RULE_SETUP
| #line 5 "conftest.l"
| { yyless (1); }
| 	YY_BREAK
| case 5:
| YY_RULE_SETUP
| #line 6 "conftest.l"
| { yyless (input () != 0); }
| 	YY_BREAK
| case 6:
| YY_RULE_SETUP
| #line 7 "conftest.l"
| { unput (yytext[0]); }
| 	YY_BREAK
| case 7:
| YY_RULE_SETUP
| #line 8 "conftest.l"
| { BEGIN INITIAL; }
| 	YY_BREAK
| case 8:
| YY_RULE_SETUP
| #line 9 "conftest.l"
| ECHO;
| 	YY_BREAK
| #line 804 "lex.yy.c"
| 			case YY_STATE_EOF(INITIAL):
| 				yyterminate();
| 
| 	case YY_END_OF_BUFFER:
| 		{
| 		/* Amount of text matched not including the EOB char. */
| 		int yy_amount_of_matched_text = (int) (yy_cp - (yytext_ptr)) - 1;
| 
| 		/* Undo the effects of YY_DO_BEFORE_ACTION. */
| 		*yy_cp = (yy_hold_char);
| 		YY_RESTORE_YY_MORE_OFFSET
| 
| 		if ( YY_CURRENT_BUFFER_LVALUE->yy_buffer_status == YY_BUFFER_NEW )
| 			{
| 			/* We're scanning a new file or input source.  It's
| 			 * possible that this happened because the user
| 			 * just pointed yyin at a new source and called
| 			 * yylex().  If so, then we have to assure
| 			 * consistency between YY_CURRENT_BUFFER and our
| 			 * globals.  Here is the right place to do so, because
| 			 * this is the first action (other than possibly a
| 			 * back-up) that will match for the new input source.
| 			 */
| 			(yy_n_chars) = YY_CURRENT_BUFFER_LVALUE->yy_n_chars;
| 			YY_CURRENT_BUFFER_LVALUE->yy_input_file = yyin;
| 			YY_CURRENT_BUFFER_LVALUE->yy_buffer_status = YY_BUFFER_NORMAL;
| 			}
| 
| 		/* Note that here we test for yy_c_buf_p "<=" to the position
| 		 * of the first EOB in the buffer, since yy_c_buf_p will
| 		 * already have been incremented past the NUL character
| 		 * (since all states make transitions on EOB to the
| 		 * end-of-buffer state).  Contrast this with the test
| 		 * in input().
| 		 */
| 		if ( (yy_c_buf_p) <= &YY_CURRENT_BUFFER_LVALUE->yy_ch_buf[(yy_n_chars)] )
| 			{ /* This was really a NUL. */
| 			yy_state_type yy_next_state;
| 
| 			(yy_c_buf_p) = (yytext_ptr) + yy_amount_of_matched_text;
| 
| 			yy_current_state = yy_get_previous_state(  );
| 
| 			/* Okay, we're now positioned to make the NUL
| 			 * transition.  We couldn't have
| 			 * yy_get_previous_state() go ahead and do it
| 			 * for us because it doesn't know how to deal
| 			 * with the possibility of jamming (and we don't
| 			 * want to build jamming into it because then it
| 			 * will run more slowly).
| 			 */
| 
| 			yy_next_state = yy_try_NUL_trans( yy_current_state );
| 
| 			yy_bp = (yytext_ptr) + YY_MORE_ADJ;
| 
| 			if ( yy_next_state )
| 				{
| 				/* Consume the NUL. */
| 				yy_cp = ++(yy_c_buf_p);
| 				yy_current_state = yy_next_state;
| 				goto yy_match;
| 				}
| 
| 			else
| 				{
| 				yy_cp = (yy_c_buf_p);
| 				goto yy_find_action;
| 				}
| 			}
| 
| 		else switch ( yy_get_next_buffer(  ) )
| 			{
| 			case EOB_ACT_END_OF_FILE:
| 				{
| 				(yy_did_buffer_switch_on_eof) = 0;
| 
| 				if ( yywrap( ) )
| 					{
| 					/* Note: because we've taken care in
| 					 * yy_get_next_buffer() to have set up
| 					 * yytext, we can now set up
| 					 * yy_c_buf_p so that if some total
| 					 * hoser (like flex itself) wants to
| 					 * call the scanner after we return the
| 					 * YY_NULL, it'll still work - another
| 					 * YY_NULL will get returned.
| 					 */
| 					(yy_c_buf_p) = (yytext_ptr) + YY_MORE_ADJ;
| 
| 					yy_act = YY_STATE_EOF(YY_START);
| 					goto do_action;
| 					}
| 
| 				else
| 					{
| 					if ( ! (yy_did_buffer_switch_on_eof) )
| 						YY_NEW_FILE;
| 					}
| 				break;
| 				}
| 
| 			case EOB_ACT_CONTINUE_SCAN:
| 				(yy_c_buf_p) =
| 					(yytext_ptr) + yy_amount_of_matched_text;
| 
| 				yy_current_state = yy_get_previous_state(  );
| 
| 				yy_cp = (yy_c_buf_p);
| 				yy_bp = (yytext_ptr) + YY_MORE_ADJ;
| 				goto yy_match;
| 
| 			case EOB_ACT_LAST_MATCH:
| 				(yy_c_buf_p) =
| 				&YY_CURRENT_BUFFER_LVALUE->yy_ch_buf[(yy_n_chars)];
| 
| 				yy_current_state = yy_get_previous_state(  );
| 
| 				yy_cp = (yy_c_buf_p);
| 				yy_bp = (yytext_ptr) + YY_MORE_ADJ;
| 				goto yy_find_action;
| 			}
| 		break;
| 		}
| 
| 	default:
| 		YY_FATAL_ERROR(
| 			"fatal flex scanner internal error--no action found" );
| 	} /* end of action switch */
| 		} /* end of scanning one token */
| } /* end of yylex */
| 
| /* yy_get_next_buffer - try to read in a new buffer
|  *
|  * Returns a code representing an action:
|  *	EOB_ACT_LAST_MATCH -
|  *	EOB_ACT_CONTINUE_SCAN - continue scanning from current position
|  *	EOB_ACT_END_OF_FILE - end of file
|  */
| static int yy_get_next_buffer (void)
| {
|     	register char *dest = YY_CURRENT_BUFFER_LVALUE->yy_ch_buf;
| 	register char *source = (yytext_ptr);
| 	register int number_to_move, i;
| 	int ret_val;
| 
| 	if ( (yy_c_buf_p) > &YY_CURRENT_BUFFER_LVALUE->yy_ch_buf[(yy_n_chars) + 1] )
| 		YY_FATAL_ERROR(
| 		"fatal flex scanner internal error--end of buffer missed" );
| 
| 	if ( YY_CURRENT_BUFFER_LVALUE->yy_fill_buffer == 0 )
| 		{ /* Don't try to fill the buffer, so this is an EOF. */
| 		if ( (yy_c_buf_p) - (yytext_ptr) - YY_MORE_ADJ == 1 )
| 			{
| 			/* We matched a single character, the EOB, so
| 			 * treat this as a final EOF.
| 			 */
| 			return EOB_ACT_END_OF_FILE;
| 			}
| 
| 		else
| 			{
| 			/* We matched some text prior to the EOB, first
| 			 * process it.
| 			 */
| 			return EOB_ACT_LAST_MATCH;
| 			}
| 		}
| 
| 	/* Try to read more data. */
| 
| 	/* First move last chars to start of buffer. */
| 	number_to_move = (int) ((yy_c_buf_p) - (yytext_ptr)) - 1;
| 
| 	for ( i = 0; i < number_to_move; ++i )
| 		*(dest++) = *(source++);
| 
| 	if ( YY_CURRENT_BUFFER_LVALUE->yy_buffer_status == YY_BUFFER_EOF_PENDING )
| 		/* don't do the read, it's not guaranteed to return an EOF,
| 		 * just force an EOF
| 		 */
| 		YY_CURRENT_BUFFER_LVALUE->yy_n_chars = (yy_n_chars) = 0;
| 
| 	else
| 		{
| 			int num_to_read =
| 			YY_CURRENT_BUFFER_LVALUE->yy_buf_size - number_to_move - 1;
| 
| 		while ( num_to_read <= 0 )
| 			{ /* Not enough room in the buffer - grow it. */
| 
| 			YY_FATAL_ERROR(
| "input buffer overflow, can't enlarge buffer because scanner uses REJECT" );
| 
| 			}
| 
| 		if ( num_to_read > YY_READ_BUF_SIZE )
| 			num_to_read = YY_READ_BUF_SIZE;
| 
| 		/* Read in more data. */
| 		YY_INPUT( (&YY_CURRENT_BUFFER_LVALUE->yy_ch_buf[number_to_move]),
| 			(yy_n_chars), (size_t) num_to_read );
| 
| 		YY_CURRENT_BUFFER_LVALUE->yy_n_chars = (yy_n_chars);
| 		}
| 
| 	if ( (yy_n_chars) == 0 )
| 		{
| 		if ( number_to_move == YY_MORE_ADJ )
| 			{
| 			ret_val = EOB_ACT_END_OF_FILE;
| 			yyrestart(yyin  );
| 			}
| 
| 		else
| 			{
| 			ret_val = EOB_ACT_LAST_MATCH;
| 			YY_CURRENT_BUFFER_LVALUE->yy_buffer_status =
| 				YY_BUFFER_EOF_PENDING;
| 			}
| 		}
| 
| 	else
| 		ret_val = EOB_ACT_CONTINUE_SCAN;
| 
| 	if ((yy_size_t) ((yy_n_chars) + number_to_move) > YY_CURRENT_BUFFER_LVALUE->yy_buf_size) {
| 		/* Extend the array by 50%, plus the number we really need. */
| 		yy_size_t new_size = (yy_n_chars) + number_to_move + ((yy_n_chars) >> 1);
| 		YY_CURRENT_BUFFER_LVALUE->yy_ch_buf = (char *) yyrealloc((void *) YY_CURRENT_BUFFER_LVALUE->yy_ch_buf,new_size  );
| 		if ( ! YY_CURRENT_BUFFER_LVALUE->yy_ch_buf )
| 			YY_FATAL_ERROR( "out of dynamic memory in yy_get_next_buffer()" );
| 	}
| 
| 	(yy_n_chars) += number_to_move;
| 	YY_CURRENT_BUFFER_LVALUE->yy_ch_buf[(yy_n_chars)] = YY_END_OF_BUFFER_CHAR;
| 	YY_CURRENT_BUFFER_LVALUE->yy_ch_buf[(yy_n_chars) + 1] = YY_END_OF_BUFFER_CHAR;
| 
| 	(yytext_ptr) = &YY_CURRENT_BUFFER_LVALUE->yy_ch_buf[0];
| 
| 	return ret_val;
| }
| 
| /* yy_get_previous_state - get the state just before the EOB char was reached */
| 
|     static yy_state_type yy_get_previous_state (void)
| {
| 	register yy_state_type yy_current_state;
| 	register char *yy_cp;
|     
| 	yy_current_state = (yy_start);
| 
| 	(yy_state_ptr) = (yy_state_buf);
| 	*(yy_state_ptr)++ = yy_current_state;
| 
| 	for ( yy_cp = (yytext_ptr) + YY_MORE_ADJ; yy_cp < (yy_c_buf_p); ++yy_cp )
| 		{
| 		register YY_CHAR yy_c = (*yy_cp ? yy_ec[YY_SC_TO_UI(*yy_cp)] : 1);
| 		while ( yy_chk[yy_base[yy_current_state] + yy_c] != yy_current_state )
| 			{
| 			yy_current_state = (int) yy_def[yy_current_state];
| 			if ( yy_current_state >= 13 )
| 				yy_c = yy_meta[(unsigned int) yy_c];
| 			}
| 		yy_current_state = yy_nxt[yy_base[yy_current_state] + (unsigned int) yy_c];
| 		*(yy_state_ptr)++ = yy_current_state;
| 		}
| 
| 	return yy_current_state;
| }
| 
| /* yy_try_NUL_trans - try to make a transition on the NUL character
|  *
|  * synopsis
|  *	next_state = yy_try_NUL_trans( current_state );
|  */
|     static yy_state_type yy_try_NUL_trans  (yy_state_type yy_current_state )
| {
| 	register int yy_is_jam;
|     
| 	register YY_CHAR yy_c = 1;
| 	while ( yy_chk[yy_base[yy_current_state] + yy_c] != yy_current_state )
| 		{
| 		yy_current_state = (int) yy_def[yy_current_state];
| 		if ( yy_current_state >= 13 )
| 			yy_c = yy_meta[(unsigned int) yy_c];
| 		}
| 	yy_current_state = yy_nxt[yy_base[yy_current_state] + (unsigned int) yy_c];
| 	yy_is_jam = (yy_current_state == 12);
| 	if ( ! yy_is_jam )
| 		*(yy_state_ptr)++ = yy_current_state;
| 
| 	return yy_is_jam ? 0 : yy_current_state;
| }
| 
|     static void yyunput (int c, register char * yy_bp )
| {
| 	register char *yy_cp;
|     
|     yy_cp = (yy_c_buf_p);
| 
| 	/* undo effects of setting up yytext */
| 	*yy_cp = (yy_hold_char);
| 
| 	if ( yy_cp < YY_CURRENT_BUFFER_LVALUE->yy_ch_buf + 2 )
| 		{ /* need to shift things up to make room */
| 		/* +2 for EOB chars. */
| 		register int number_to_move = (yy_n_chars) + 2;
| 		register char *dest = &YY_CURRENT_BUFFER_LVALUE->yy_ch_buf[
| 					YY_CURRENT_BUFFER_LVALUE->yy_buf_size + 2];
| 		register char *source =
| 				&YY_CURRENT_BUFFER_LVALUE->yy_ch_buf[number_to_move];
| 
| 		while ( source > YY_CURRENT_BUFFER_LVALUE->yy_ch_buf )
| 			*--dest = *--source;
| 
| 		yy_cp += (int) (dest - source);
| 		yy_bp += (int) (dest - source);
| 		YY_CURRENT_BUFFER_LVALUE->yy_n_chars =
| 			(yy_n_chars) = YY_CURRENT_BUFFER_LVALUE->yy_buf_size;
| 
| 		if ( yy_cp < YY_CURRENT_BUFFER_LVALUE->yy_ch_buf + 2 )
| 			YY_FATAL_ERROR( "flex scanner push-back overflow" );
| 		}
| 
| 	*--yy_cp = (char) c;
| 
| 	(yytext_ptr) = yy_bp;
| 	(yy_hold_char) = *yy_cp;
| 	(yy_c_buf_p) = yy_cp;
| }
| 
| #ifndef YY_NO_INPUT
| #ifdef __cplusplus
|     static int yyinput (void)
| #else
|     static int input  (void)
| #endif
| 
| {
| 	int c;
|     
| 	*(yy_c_buf_p) = (yy_hold_char);
| 
| 	if ( *(yy_c_buf_p) == YY_END_OF_BUFFER_CHAR )
| 		{
| 		/* yy_c_buf_p now points to the character we want to return.
| 		 * If this occurs *before* the EOB characters, then it's a
| 		 * valid NUL; if not, then we've hit the end of the buffer.
| 		 */
| 		if ( (yy_c_buf_p) < &YY_CURRENT_BUFFER_LVALUE->yy_ch_buf[(yy_n_chars)] )
| 			/* This was really a NUL. */
| 			*(yy_c_buf_p) = '\0';
| 
| 		else
| 			{ /* need more input */
| 			int offset = (yy_c_buf_p) - (yytext_ptr);
| 			++(yy_c_buf_p);
| 
| 			switch ( yy_get_next_buffer(  ) )
| 				{
| 				case EOB_ACT_LAST_MATCH:
| 					/* This happens because yy_g_n_b()
| 					 * sees that we've accumulated a
| 					 * token and flags that we need to
| 					 * try matching the token before
| 					 * proceeding.  But for input(),
| 					 * there's no matching to consider.
| 					 * So convert the EOB_ACT_LAST_MATCH
| 					 * to EOB_ACT_END_OF_FILE.
| 					 */
| 
| 					/* Reset buffer status. */
| 					yyrestart(yyin );
| 
| 					/*FALLTHROUGH*/
| 
| 				case EOB_ACT_END_OF_FILE:
| 					{
| 					if ( yywrap( ) )
| 						return EOF;
| 
| 					if ( ! (yy_did_buffer_switch_on_eof) )
| 						YY_NEW_FILE;
| #ifdef __cplusplus
| 					return yyinput();
| #else
| 					return input();
| #endif
| 					}
| 
| 				case EOB_ACT_CONTINUE_SCAN:
| 					(yy_c_buf_p) = (yytext_ptr) + offset;
| 					break;
| 				}
| 			}
| 		}
| 
| 	c = *(unsigned char *) (yy_c_buf_p);	/* cast for 8-bit char's */
| 	*(yy_c_buf_p) = '\0';	/* preserve yytext */
| 	(yy_hold_char) = *++(yy_c_buf_p);
| 
| 	return c;
| }
| #endif	/* ifndef YY_NO_INPUT */
| 
| /** Immediately switch to a different input stream.
|  * @param input_file A readable stream.
|  * 
|  * @note This function does not reset the start condition to @c INITIAL .
|  */
|     void yyrestart  (FILE * input_file )
| {
|     
| 	if ( ! YY_CURRENT_BUFFER ){
|         yyensure_buffer_stack ();
| 		YY_CURRENT_BUFFER_LVALUE =
|             yy_create_buffer(yyin,YY_BUF_SIZE );
| 	}
| 
| 	yy_init_buffer(YY_CURRENT_BUFFER,input_file );
| 	yy_load_buffer_state( );
| }
| 
| /** Switch to a different input buffer.
|  * @param new_buffer The new input buffer.
|  * 
|  */
|     void yy_switch_to_buffer  (YY_BUFFER_STATE  new_buffer )
| {
|     
| 	/* TODO. We should be able to replace this entire function body
| 	 * with
| 	 *		yypop_buffer_state();
| 	 *		yypush_buffer_state(new_buffer);
|      */
| 	yyensure_buffer_stack ();
| 	if ( YY_CURRENT_BUFFER == new_buffer )
| 		return;
| 
| 	if ( YY_CURRENT_BUFFER )
| 		{
| 		/* Flush out information for old buffer. */
| 		*(yy_c_buf_p) = (yy_hold_char);
| 		YY_CURRENT_BUFFER_LVALUE->yy_buf_pos = (yy_c_buf_p);
| 		YY_CURRENT_BUFFER_LVALUE->yy_n_chars = (yy_n_chars);
| 		}
| 
| 	YY_CURRENT_BUFFER_LVALUE = new_buffer;
| 	yy_load_buffer_state( );
| 
| 	/* We don't actually know whether we did this switch during
| 	 * EOF (yywrap()) processing, but the only time this flag
| 	 * is looked at is after yywrap() is called, so it's safe
| 	 * to go ahead and always set it.
| 	 */
| 	(yy_did_buffer_switch_on_eof) = 1;
| }
| 
| static void yy_load_buffer_state  (void)
| {
|     	(yy_n_chars) = YY_CURRENT_BUFFER_LVALUE->yy_n_chars;
| 	(yytext_ptr) = (yy_c_buf_p) = YY_CURRENT_BUFFER_LVALUE->yy_buf_pos;
| 	yyin = YY_CURRENT_BUFFER_LVALUE->yy_input_file;
| 	(yy_hold_char) = *(yy_c_buf_p);
| }
| 
| /** Allocate and initialize an input buffer state.
|  * @param file A readable stream.
|  * @param size The character buffer size in bytes. When in doubt, use @c YY_BUF_SIZE.
|  * 
|  * @return the allocated buffer state.
|  */
|     YY_BUFFER_STATE yy_create_buffer  (FILE * file, int  size )
| {
| 	YY_BUFFER_STATE b;
|     
| 	b = (YY_BUFFER_STATE) yyalloc(sizeof( struct yy_buffer_state )  );
| 	if ( ! b )
| 		YY_FATAL_ERROR( "out of dynamic memory in yy_create_buffer()" );
| 
| 	b->yy_buf_size = size;
| 
| 	/* yy_ch_buf has to be 2 characters longer than the size given because
| 	 * we need to put in 2 end-of-buffer characters.
| 	 */
| 	b->yy_ch_buf = (char *) yyalloc(b->yy_buf_size + 2  );
| 	if ( ! b->yy_ch_buf )
| 		YY_FATAL_ERROR( "out of dynamic memory in yy_create_buffer()" );
| 
| 	b->yy_is_our_buffer = 1;
| 
| 	yy_init_buffer(b,file );
| 
| 	return b;
| }
| 
| /** Destroy the buffer.
|  * @param b a buffer created with yy_create_buffer()
|  * 
|  */
|     void yy_delete_buffer (YY_BUFFER_STATE  b )
| {
|     
| 	if ( ! b )
| 		return;
| 
| 	if ( b == YY_CURRENT_BUFFER ) /* Not sure if we should pop here. */
| 		YY_CURRENT_BUFFER_LVALUE = (YY_BUFFER_STATE) 0;
| 
| 	if ( b->yy_is_our_buffer )
| 		yyfree((void *) b->yy_ch_buf  );
| 
| 	yyfree((void *) b  );
| }
| 
| #ifndef __cplusplus
| extern int isatty (int );
| #endif /* __cplusplus */
|     
| /* Initializes or reinitializes a buffer.
|  * This function is sometimes called more than once on the same buffer,
|  * such as during a yyrestart() or at EOF.
|  */
|     static void yy_init_buffer  (YY_BUFFER_STATE  b, FILE * file )
| 
| {
| 	int oerrno = errno;
|     
| 	yy_flush_buffer(b );
| 
| 	b->yy_input_file = file;
| 	b->yy_fill_buffer = 1;
| 
|     /* If b is the current buffer, then yy_init_buffer was _probably_
|      * called from yyrestart() or through yy_get_next_buffer.
|      * In that case, we don't want to reset the lineno or column.
|      */
|     if (b != YY_CURRENT_BUFFER){
|         b->yy_bs_lineno = 1;
|         b->yy_bs_column = 0;
|     }
| 
|         b->yy_is_interactive = file ? (isatty( fileno(file) ) > 0) : 0;
|     
| 	errno = oerrno;
| }
| 
| /** Discard all buffered characters. On the next scan, YY_INPUT will be called.
|  * @param b the buffer state to be flushed, usually @c YY_CURRENT_BUFFER.
|  * 
|  */
|     void yy_flush_buffer (YY_BUFFER_STATE  b )
| {
|     	if ( ! b )
| 		return;
| 
| 	b->yy_n_chars = 0;
| 
| 	/* We always need two end-of-buffer characters.  The first causes
| 	 * a transition to the end-of-buffer state.  The second causes
| 	 * a jam in that state.
| 	 */
| 	b->yy_ch_buf[0] = YY_END_OF_BUFFER_CHAR;
| 	b->yy_ch_buf[1] = YY_END_OF_BUFFER_CHAR;
| 
| 	b->yy_buf_pos = &b->yy_ch_buf[0];
| 
| 	b->yy_at_bol = 1;
| 	b->yy_buffer_status = YY_BUFFER_NEW;
| 
| 	if ( b == YY_CURRENT_BUFFER )
| 		yy_load_buffer_state( );
| }
| 
| /** Pushes the new state onto the stack. The new state becomes
|  *  the current state. This function will allocate the stack
|  *  if necessary.
|  *  @param new_buffer The new state.
|  *  
|  */
| void yypush_buffer_state (YY_BUFFER_STATE new_buffer )
| {
|     	if (new_buffer == NULL)
| 		return;
| 
| 	yyensure_buffer_stack();
| 
| 	/* This block is copied from yy_switch_to_buffer. */
| 	if ( YY_CURRENT_BUFFER )
| 		{
| 		/* Flush out information for old buffer. */
| 		*(yy_c_buf_p) = (yy_hold_char);
| 		YY_CURRENT_BUFFER_LVALUE->yy_buf_pos = (yy_c_buf_p);
| 		YY_CURRENT_BUFFER_LVALUE->yy_n_chars = (yy_n_chars);
| 		}
| 
| 	/* Only push if top exists. Otherwise, replace top. */
| 	if (YY_CURRENT_BUFFER)
| 		(yy_buffer_stack_top)++;
| 	YY_CURRENT_BUFFER_LVALUE = new_buffer;
| 
| 	/* copied from yy_switch_to_buffer. */
| 	yy_load_buffer_state( );
| 	(yy_did_buffer_switch_on_eof) = 1;
| }
| 
| /** Removes and deletes the top of the stack, if present.
|  *  The next element becomes the new top.
|  *  
|  */
| void yypop_buffer_state (void)
| {
|     	if (!YY_CURRENT_BUFFER)
| 		return;
| 
| 	yy_delete_buffer(YY_CURRENT_BUFFER );
| 	YY_CURRENT_BUFFER_LVALUE = NULL;
| 	if ((yy_buffer_stack_top) > 0)
| 		--(yy_buffer_stack_top);
| 
| 	if (YY_CURRENT_BUFFER) {
| 		yy_load_buffer_state( );
| 		(yy_did_buffer_switch_on_eof) = 1;
| 	}
| }
| 
| /* Allocates the stack if it does not exist.
|  *  Guarantees space for at least one push.
|  */
| static void yyensure_buffer_stack (void)
| {
| 	int num_to_alloc;
|     
| 	if (!(yy_buffer_stack)) {
| 
| 		/* First allocation is just for 2 elements, since we don't know if this
| 		 * scanner will even need a stack. We use 2 instead of 1 to avoid an
| 		 * immediate realloc on the next call.
|          */
| 		num_to_alloc = 1;
| 		(yy_buffer_stack) = (struct yy_buffer_state**)yyalloc
| 								(num_to_alloc * sizeof(struct yy_buffer_state*)
| 								);
| 		if ( ! (yy_buffer_stack) )
| 			YY_FATAL_ERROR( "out of dynamic memory in yyensure_buffer_stack()" );
| 								  
| 		memset((yy_buffer_stack), 0, num_to_alloc * sizeof(struct yy_buffer_state*));
| 				
| 		(yy_buffer_stack_max) = num_to_alloc;
| 		(yy_buffer_stack_top) = 0;
| 		return;
| 	}
| 
| 	if ((yy_buffer_stack_top) >= ((yy_buffer_stack_max)) - 1){
| 
| 		/* Increase the buffer to prepare for a possible push. */
| 		int grow_size = 8 /* arbitrary grow size */;
| 
| 		num_to_alloc = (yy_buffer_stack_max) + grow_size;
| 		(yy_buffer_stack) = (struct yy_buffer_state**)yyrealloc
| 								((yy_buffer_stack),
| 								num_to_alloc * sizeof(struct yy_buffer_state*)
| 								);
| 		if ( ! (yy_buffer_stack) )
| 			YY_FATAL_ERROR( "out of dynamic memory in yyensure_buffer_stack()" );
| 
| 		/* zero only the new slots.*/
| 		memset((yy_buffer_stack) + (yy_buffer_stack_max), 0, grow_size * sizeof(struct yy_buffer_state*));
| 		(yy_buffer_stack_max) = num_to_alloc;
| 	}
| }
| 
| /** Setup the input buffer state to scan directly from a user-specified character buffer.
|  * @param base the character buffer
|  * @param size the size in bytes of the character buffer
|  * 
|  * @return the newly allocated buffer state object. 
|  */
| YY_BUFFER_STATE yy_scan_buffer  (char * base, yy_size_t  size )
| {
| 	YY_BUFFER_STATE b;
|     
| 	if ( size < 2 ||
| 	     base[size-2] != YY_END_OF_BUFFER_CHAR ||
| 	     base[size-1] != YY_END_OF_BUFFER_CHAR )
| 		/* They forgot to leave room for the EOB's. */
| 		return 0;
| 
| 	b = (YY_BUFFER_STATE) yyalloc(sizeof( struct yy_buffer_state )  );
| 	if ( ! b )
| 		YY_FATAL_ERROR( "out of dynamic memory in yy_scan_buffer()" );
| 
| 	b->yy_buf_size = size - 2;	/* "- 2" to take care of EOB's */
| 	b->yy_buf_pos = b->yy_ch_buf = base;
| 	b->yy_is_our_buffer = 0;
| 	b->yy_input_file = 0;
| 	b->yy_n_chars = b->yy_buf_size;
| 	b->yy_is_interactive = 0;
| 	b->yy_at_bol = 1;
| 	b->yy_fill_buffer = 0;
| 	b->yy_buffer_status = YY_BUFFER_NEW;
| 
| 	yy_switch_to_buffer(b  );
| 
| 	return b;
| }
| 
| /** Setup the input buffer state to scan a string. The next call to yylex() will
|  * scan from a @e copy of @a str.
|  * @param yystr a NUL-terminated string to scan
|  * 
|  * @return the newly allocated buffer state object.
|  * @note If you want to scan bytes that may contain NUL values, then use
|  *       yy_scan_bytes() instead.
|  */
| YY_BUFFER_STATE yy_scan_string (yyconst char * yystr )
| {
|     
| 	return yy_scan_bytes(yystr,strlen(yystr) );
| }
| 
| /** Setup the input buffer state to scan the given bytes. The next call to yylex() will
|  * scan from a @e copy of @a bytes.
|  * @param yybytes the byte buffer to scan
|  * @param _yybytes_len the number of bytes in the buffer pointed to by @a bytes.
|  * 
|  * @return the newly allocated buffer state object.
|  */
| YY_BUFFER_STATE yy_scan_bytes  (yyconst char * yybytes, int  _yybytes_len )
| {
| 	YY_BUFFER_STATE b;
| 	char *buf;
| 	yy_size_t n;
| 	int i;
|     
| 	/* Get memory for full buffer, including space for trailing EOB's. */
| 	n = _yybytes_len + 2;
| 	buf = (char *) yyalloc(n  );
| 	if ( ! buf )
| 		YY_FATAL_ERROR( "out of dynamic memory in yy_scan_bytes()" );
| 
| 	for ( i = 0; i < _yybytes_len; ++i )
| 		buf[i] = yybytes[i];
| 
| 	buf[_yybytes_len] = buf[_yybytes_len+1] = YY_END_OF_BUFFER_CHAR;
| 
| 	b = yy_scan_buffer(buf,n );
| 	if ( ! b )
| 		YY_FATAL_ERROR( "bad buffer in yy_scan_bytes()" );
| 
| 	/* It's okay to grow etc. this buffer, and we should throw it
| 	 * away when we're done.
| 	 */
| 	b->yy_is_our_buffer = 1;
| 
| 	return b;
| }
| 
| #ifndef YY_EXIT_FAILURE
| #define YY_EXIT_FAILURE 2
| #endif
| 
| static void yy_fatal_error (yyconst char* msg )
| {
|     	(void) fprintf( stderr, "%s\n", msg );
| 	exit( YY_EXIT_FAILURE );
| }
| 
| /* Redefine yyless() so it works in section 3 code. */
| 
| #undef yyless
| #define yyless(n) \
| 	do \
| 		{ \
| 		/* Undo effects of setting up yytext. */ \
|         int yyless_macro_arg = (n); \
|         YY_LESS_LINENO(yyless_macro_arg);\
| 		yytext[yyleng] = (yy_hold_char); \
| 		(yy_c_buf_p) = yytext + yyless_macro_arg; \
| 		(yy_hold_char) = *(yy_c_buf_p); \
| 		*(yy_c_buf_p) = '\0'; \
| 		yyleng = yyless_macro_arg; \
| 		} \
| 	while ( 0 )
| 
| /* Accessor  methods (get/set functions) to struct members. */
| 
| /** Get the current line number.
|  * 
|  */
| int yyget_lineno  (void)
| {
|         
|     return yylineno;
| }
| 
| /** Get the input stream.
|  * 
|  */
| FILE *yyget_in  (void)
| {
|         return yyin;
| }
| 
| /** Get the output stream.
|  * 
|  */
| FILE *yyget_out  (void)
| {
|         return yyout;
| }
| 
| /** Get the length of the current token.
|  * 
|  */
| int yyget_leng  (void)
| {
|         return yyleng;
| }
| 
| /** Get the current token.
|  * 
|  */
| 
| char *yyget_text  (void)
| {
|         return yytext;
| }
| 
| /** Set the current line number.
|  * @param line_number
|  * 
|  */
| void yyset_lineno (int  line_number )
| {
|     
|     yylineno = line_number;
| }
| 
| /** Set the input stream. This does not discard the current
|  * input buffer.
|  * @param in_str A readable stream.
|  * 
|  * @see yy_switch_to_buffer
|  */
| void yyset_in (FILE *  in_str )
| {
|         yyin = in_str ;
| }
| 
| void yyset_out (FILE *  out_str )
| {
|         yyout = out_str ;
| }
| 
| int yyget_debug  (void)
| {
|         return yy_flex_debug;
| }
| 
| void yyset_debug (int  bdebug )
| {
|         yy_flex_debug = bdebug ;
| }
| 
| static int yy_init_globals (void)
| {
|         /* Initialization is the same as for the non-reentrant scanner.
|      * This function is called from yylex_destroy(), so don't allocate here.
|      */
| 
|     (yy_buffer_stack) = 0;
|     (yy_buffer_stack_top) = 0;
|     (yy_buffer_stack_max) = 0;
|     (yy_c_buf_p) = (char *) 0;
|     (yy_init) = 0;
|     (yy_start) = 0;
| 
|     (yy_state_buf) = 0;
|     (yy_state_ptr) = 0;
|     (yy_full_match) = 0;
|     (yy_lp) = 0;
| 
| /* Defined in main.c */
| #ifdef YY_STDINIT
|     yyin = stdin;
|     yyout = stdout;
| #else
|     yyin = (FILE *) 0;
|     yyout = (FILE *) 0;
| #endif
| 
|     /* For future reference: Set errno on error, since we are called by
|      * yylex_init()
|      */
|     return 0;
| }
| 
| /* yylex_destroy is for both reentrant and non-reentrant scanners. */
| int yylex_destroy  (void)
| {
|     
|     /* Pop the buffer stack, destroying each element. */
| 	while(YY_CURRENT_BUFFER){
| 		yy_delete_buffer(YY_CURRENT_BUFFER  );
| 		YY_CURRENT_BUFFER_LVALUE = NULL;
| 		yypop_buffer_state();
| 	}
| 
| 	/* Destroy the stack itself. */
| 	yyfree((yy_buffer_stack) );
| 	(yy_buffer_stack) = NULL;
| 
|     yyfree ( (yy_state_buf) );
|     (yy_state_buf)  = NULL;
| 
|     /* Reset the globals. This is important in a non-reentrant scanner so the next time
|      * yylex() is called, initialization will occur. */
|     yy_init_globals( );
| 
|     return 0;
| }
| 
| /*
|  * Internal utility routines.
|  */
| 
| #ifndef yytext_ptr
| static void yy_flex_strncpy (char* s1, yyconst char * s2, int n )
| {
| 	register int i;
| 	for ( i = 0; i < n; ++i )
| 		s1[i] = s2[i];
| }
| #endif
| 
| #ifdef YY_NEED_STRLEN
| static int yy_flex_strlen (yyconst char * s )
| {
| 	register int n;
| 	for ( n = 0; s[n]; ++n )
| 		;
| 
| 	return n;
| }
| #endif
| 
| void *yyalloc (yy_size_t  size )
| {
| 	return (void *) malloc( size );
| }
| 
| void *yyrealloc  (void * ptr, yy_size_t  size )
| {
| 	/* The cast to (char *) in the following accommodates both
| 	 * implementations that use char* generic pointers, and those
| 	 * that use void* generic pointers.  It works with the latter
| 	 * because both ANSI C and C++ allow castless assignment from
| 	 * any pointer type to void*, and deal with argument conversions
| 	 * as though doing an assignment.
| 	 */
| 	return (void *) realloc( (char *) ptr, size );
| }
| 
| void yyfree (void * ptr )
| {
| 	free( (char *) ptr );	/* see yyrealloc() for (char *) cast */
| }
| 
| #define YYTABLES_NAME "yytables"
| 
| #line 9 "conftest.l"
| 
| 
| #ifdef YYTEXT_POINTER
| extern char *yytext;
| #endif
| int
| main (void)
| {
|   return ! yylex () + ! yywrap ();
| }
configure:4089: gcc -o conftest -g -O2   conftest.c -lfl  >&5
configure:4089: $? = 0
configure:4099: result: -lfl
configure:4105: checking whether yytext is a pointer
configure:4121: gcc -o conftest -g -O2   conftest.c -lfl  >&5
configure:4121: $? = 0
configure:4129: result: yes
configure:4144: checking for -ranlib
configure:4174: result: no
configure:4184: checking for ranlib
configure:4200: found /usr/bin/ranlib
configure:4212: result: ranlib
configure:4232: checking for -ar
configure:4262: result: no
configure:4272: checking for ar
configure:4288: found /usr/bin/ar
configure:4300: result: ar
configure:4318: checking whether yylex_destroy is generated by flex
configure:4339: result: version 2.5.35 => yes
configure:4348: checking whether gcc and cc understand -c and -o together
configure:4379: gcc -c conftest.c -o conftest2.o >&5
configure:4383: $? = 0
configure:4389: gcc -c conftest.c -o conftest2.o >&5
configure:4393: $? = 0
configure:4404: cc -c conftest.c >&5
configure:4408: $? = 0
configure:4416: cc -c conftest.c -o conftest2.o >&5
configure:4420: $? = 0
configure:4426: cc -c conftest.c -o conftest2.o >&5
configure:4430: $? = 0
configure:4448: result: yes
configure:4475: checking for tputs in -ltermcap
configure:4500: gcc -o conftest -g -O2   conftest.c -ltermcap   >&5
configure:4500: $? = 0
configure:4509: result: yes
configure:4520: checking for tputs in -lncurses
configure:4545: gcc -o conftest -g -O2   conftest.c -lncurses  -ltermcap  >&5
configure:4545: $? = 0
configure:4554: result: yes
configure:4565: checking for readline in -lreadline
configure:4590: gcc -o conftest -g -O2   conftest.c -lreadline  -lncurses -ltermcap  >&5
/usr/bin/ld: cannot find -lreadline
collect2: ld returned 1 exit status
configure:4590: $? = 1
configure: failed program was:
| /* confdefs.h */
| #define PACKAGE_NAME "avrdude"
| #define PACKAGE_TARNAME "avrdude"
| #define PACKAGE_VERSION "6.1"
| #define PACKAGE_STRING "avrdude 6.1"
| #define PACKAGE_BUGREPORT "avrdude-dev@nongnu.org"
| #define PACKAGE_URL ""
| #define PACKAGE "avrdude"
| #define VERSION "6.1"
| #define YYTEXT_POINTER 1
| #define HAVE_YYLEX_DESTROY 1
| #define HAVE_LIBTERMCAP 1
| #define HAVE_LIBNCURSES 1
| /* end confdefs.h.  */
| 
| /* Override any GCC internal prototype to avoid an error.
|    Use char because int might match the return type of a GCC
|    builtin and then its argument prototype would still apply.  */
| #ifdef __cplusplus
| extern "C"
| #endif
| char readline ();
| int
| main ()
| {
| return readline ();
|   ;
|   return 0;
| }
configure:4599: result: no
configure:4611: checking for elf_getshdrstrndx in -lelf
configure:4636: gcc -o conftest -g -O2   conftest.c -lelf  -lncurses -ltermcap  >&5
/usr/bin/ld: cannot find -lelf
collect2: ld returned 1 exit status
configure:4636: $? = 1
configure: failed program was:
| /* confdefs.h */
| #define PACKAGE_NAME "avrdude"
| #define PACKAGE_TARNAME "avrdude"
| #define PACKAGE_VERSION "6.1"
| #define PACKAGE_STRING "avrdude 6.1"
| #define PACKAGE_BUGREPORT "avrdude-dev@nongnu.org"
| #define PACKAGE_URL ""
| #define PACKAGE "avrdude"
| #define VERSION "6.1"
| #define YYTEXT_POINTER 1
| #define HAVE_YYLEX_DESTROY 1
| #define HAVE_LIBTERMCAP 1
| #define HAVE_LIBNCURSES 1
| /* end confdefs.h.  */
| 
| /* Override any GCC internal prototype to avoid an error.
|    Use char because int might match the return type of a GCC
|    builtin and then its argument prototype would still apply.  */
| #ifdef __cplusplus
| extern "C"
| #endif
| char elf_getshdrstrndx ();
| int
| main ()
| {
| return elf_getshdrstrndx ();
|   ;
|   return 0;
| }
configure:4645: result: no
configure:5073: checking for library containing gethostent
configure:5104: gcc -o conftest -g -O2   conftest.c -lncurses -ltermcap  >&5
configure:5104: $? = 0
configure:5121: result: none required
configure:5129: checking for library containing setsockopt
configure:5160: gcc -o conftest -g -O2   conftest.c -lncurses -ltermcap  >&5
configure:5160: $? = 0
configure:5177: result: none required
configure:5186: checking for usb_get_string_simple in -lusb
configure:5211: gcc -o conftest -g -O2   conftest.c -lusb  -lncurses -ltermcap  >&5
configure:5211: $? = 0
configure:5220: result: yes
configure:5239: checking usb.h usability
configure:5239: gcc -c -g -O2  conftest.c >&5
configure:5239: $? = 0
configure:5239: result: yes
configure:5239: checking usb.h presence
configure:5239:   conftest.c
./configure: line 1559: conftest.c: command not found
configure:5239: $? = 127
configure: failed program was:
| /* confdefs.h */
| #define PACKAGE_NAME "avrdude"
| #define PACKAGE_TARNAME "avrdude"
| #define PACKAGE_VERSION "6.1"
| #define PACKAGE_STRING "avrdude 6.1"
| #define PACKAGE_BUGREPORT "avrdude-dev@nongnu.org"
| #define PACKAGE_URL ""
| #define PACKAGE "avrdude"
| #define VERSION "6.1"
| #define YYTEXT_POINTER 1
| #define HAVE_YYLEX_DESTROY 1
| #define HAVE_LIBTERMCAP 1
| #define HAVE_LIBNCURSES 1
| #define HAVE_LIBUSB 1
| /* end confdefs.h.  */
| #include <usb.h>
configure:5239: result: no
configure:5239: WARNING: usb.h: accepted by the compiler, rejected by the preprocessor!
configure:5239: WARNING: usb.h: proceeding with the compiler's result
configure:5239: checking for usb.h
configure:5239: result: yes
configure:5251: checking lusb0_usb.h usability
configure:5251: gcc -c -g -O2  conftest.c >&5
conftest.c:50:23: error: lusb0_usb.h: No such file or directory
configure:5251: $? = 1
configure: failed program was:
| /* confdefs.h */
| #define PACKAGE_NAME "avrdude"
| #define PACKAGE_TARNAME "avrdude"
| #define PACKAGE_VERSION "6.1"
| #define PACKAGE_STRING "avrdude 6.1"
| #define PACKAGE_BUGREPORT "avrdude-dev@nongnu.org"
| #define PACKAGE_URL ""
| #define PACKAGE "avrdude"
| #define VERSION "6.1"
| #define YYTEXT_POINTER 1
| #define HAVE_YYLEX_DESTROY 1
| #define HAVE_LIBTERMCAP 1
| #define HAVE_LIBNCURSES 1
| #define HAVE_LIBUSB 1
| #define HAVE_USB_H 1
| /* end confdefs.h.  */
| #include <stdio.h>
| #ifdef HAVE_SYS_TYPES_H
| # include <sys/types.h>
| #endif
| #ifdef HAVE_SYS_STAT_H
| # include <sys/stat.h>
| #endif
| #ifdef STDC_HEADERS
| # include <stdlib.h>
| # include <stddef.h>
| #else
| # ifdef HAVE_STDLIB_H
| #  include <stdlib.h>
| # endif
| #endif
| #ifdef HAVE_STRING_H
| # if !defined STDC_HEADERS && defined HAVE_MEMORY_H
| #  include <memory.h>
| # endif
| # include <string.h>
| #endif
| #ifdef HAVE_STRINGS_H
| # include <strings.h>
| #endif
| #ifdef HAVE_INTTYPES_H
| # include <inttypes.h>
| #endif
| #ifdef HAVE_STDINT_H
| # include <stdint.h>
| #endif
| #ifdef HAVE_UNISTD_H
| # include <unistd.h>
| #endif
| #include <lusb0_usb.h>
configure:5251: result: no
configure:5251: checking lusb0_usb.h presence
configure:5251:   conftest.c
./configure: line 1559: conftest.c: command not found
configure:5251: $? = 127
configure: failed program was:
| /* confdefs.h */
| #define PACKAGE_NAME "avrdude"
| #define PACKAGE_TARNAME "avrdude"
| #define PACKAGE_VERSION "6.1"
| #define PACKAGE_STRING "avrdude 6.1"
| #define PACKAGE_BUGREPORT "avrdude-dev@nongnu.org"
| #define PACKAGE_URL ""
| #define PACKAGE "avrdude"
| #define VERSION "6.1"
| #define YYTEXT_POINTER 1
| #define HAVE_YYLEX_DESTROY 1
| #define HAVE_LIBTERMCAP 1
| #define HAVE_LIBNCURSES 1
| #define HAVE_LIBUSB 1
| #define HAVE_USB_H 1
| /* end confdefs.h.  */
| #include <lusb0_usb.h>
configure:5251: result: no
configure:5251: checking for lusb0_usb.h
configure:5251: result: no
configure:5266: checking for libusb_init in -lusb-1.0
configure:5291: gcc -o conftest -g -O2   conftest.c -lusb-1.0  -lncurses -ltermcap  >&5
configure:5291: $? = 0
configure:5300: result: yes
configure:5319: checking libusb-1.0/libusb.h usability
configure:5319: gcc -c -g -O2  conftest.c >&5
configure:5319: $? = 0
configure:5319: result: yes
configure:5319: checking libusb-1.0/libusb.h presence
configure:5319:   conftest.c
./configure: line 1559: conftest.c: command not found
configure:5319: $? = 127
configure: failed program was:
| /* confdefs.h */
| #define PACKAGE_NAME "avrdude"
| #define PACKAGE_TARNAME "avrdude"
| #define PACKAGE_VERSION "6.1"
| #define PACKAGE_STRING "avrdude 6.1"
| #define PACKAGE_BUGREPORT "avrdude-dev@nongnu.org"
| #define PACKAGE_URL ""
| #define PACKAGE "avrdude"
| #define VERSION "6.1"
| #define YYTEXT_POINTER 1
| #define HAVE_YYLEX_DESTROY 1
| #define HAVE_LIBTERMCAP 1
| #define HAVE_LIBNCURSES 1
| #define HAVE_LIBUSB 1
| #define HAVE_USB_H 1
| #define HAVE_LIBUSB_1_0 1
| /* end confdefs.h.  */
| #include <libusb-1.0/libusb.h>
configure:5319: result: no
configure:5319: WARNING: libusb-1.0/libusb.h: accepted by the compiler, rejected by the preprocessor!
configure:5319: WARNING: libusb-1.0/libusb.h: proceeding with the compiler's result
configure:5319: checking for libusb-1.0/libusb.h
configure:5319: result: yes
configure:5331: checking libusb.h usability
configure:5331: gcc -c -g -O2  conftest.c >&5
conftest.c:52:20: error: libusb.h: No such file or directory
configure:5331: $? = 1
configure: failed program was:
| /* confdefs.h */
| #define PACKAGE_NAME "avrdude"
| #define PACKAGE_TARNAME "avrdude"
| #define PACKAGE_VERSION "6.1"
| #define PACKAGE_STRING "avrdude 6.1"
| #define PACKAGE_BUGREPORT "avrdude-dev@nongnu.org"
| #define PACKAGE_URL ""
| #define PACKAGE "avrdude"
| #define VERSION "6.1"
| #define YYTEXT_POINTER 1
| #define HAVE_YYLEX_DESTROY 1
| #define HAVE_LIBTERMCAP 1
| #define HAVE_LIBNCURSES 1
| #define HAVE_LIBUSB 1
| #define HAVE_USB_H 1
| #define HAVE_LIBUSB_1_0 1
| #define HAVE_LIBUSB_1_0_LIBUSB_H 1
| /* end confdefs.h.  */
| #include <stdio.h>
| #ifdef HAVE_SYS_TYPES_H
| # include <sys/types.h>
| #endif
| #ifdef HAVE_SYS_STAT_H
| # include <sys/stat.h>
| #endif
| #ifdef STDC_HEADERS
| # include <stdlib.h>
| # include <stddef.h>
| #else
| # ifdef HAVE_STDLIB_H
| #  include <stdlib.h>
| # endif
| #endif
| #ifdef HAVE_STRING_H
| # if !defined STDC_HEADERS && defined HAVE_MEMORY_H
| #  include <memory.h>
| # endif
| # include <string.h>
| #endif
| #ifdef HAVE_STRINGS_H
| # include <strings.h>
| #endif
| #ifdef HAVE_INTTYPES_H
| # include <inttypes.h>
| #endif
| #ifdef HAVE_STDINT_H
| # include <stdint.h>
| #endif
| #ifdef HAVE_UNISTD_H
| # include <unistd.h>
| #endif
| #include <libusb.h>
configure:5331: result: no
configure:5331: checking libusb.h presence
configure:5331:   conftest.c
./configure: line 1559: conftest.c: command not found
configure:5331: $? = 127
configure: failed program was:
| /* confdefs.h */
| #define PACKAGE_NAME "avrdude"
| #define PACKAGE_TARNAME "avrdude"
| #define PACKAGE_VERSION "6.1"
| #define PACKAGE_STRING "avrdude 6.1"
| #define PACKAGE_BUGREPORT "avrdude-dev@nongnu.org"
| #define PACKAGE_URL ""
| #define PACKAGE "avrdude"
| #define VERSION "6.1"
| #define YYTEXT_POINTER 1
| #define HAVE_YYLEX_DESTROY 1
| #define HAVE_LIBTERMCAP 1
| #define HAVE_LIBNCURSES 1
| #define HAVE_LIBUSB 1
| #define HAVE_USB_H 1
| #define HAVE_LIBUSB_1_0 1
| #define HAVE_LIBUSB_1_0_LIBUSB_H 1
| /* end confdefs.h.  */
| #include <libusb.h>
configure:5331: result: no
configure:5331: checking for libusb.h
configure:5331: result: no
configure:5343: checking for libusb_init in -lusb
configure:5368: gcc -o conftest -g -O2   conftest.c -lusb  -lncurses -ltermcap  >&5
/tmp/ccmzX1jE.o: In function `main':
/root/avrdude-6.1/conftest.c:30: undefined reference to `libusb_init'
collect2: ld returned 1 exit status
configure:5368: $? = 1
configure: failed program was:
| /* confdefs.h */
| #define PACKAGE_NAME "avrdude"
| #define PACKAGE_TARNAME "avrdude"
| #define PACKAGE_VERSION "6.1"
| #define PACKAGE_STRING "avrdude 6.1"
| #define PACKAGE_BUGREPORT "avrdude-dev@nongnu.org"
| #define PACKAGE_URL ""
| #define PACKAGE "avrdude"
| #define VERSION "6.1"
| #define YYTEXT_POINTER 1
| #define HAVE_YYLEX_DESTROY 1
| #define HAVE_LIBTERMCAP 1
| #define HAVE_LIBNCURSES 1
| #define HAVE_LIBUSB 1
| #define HAVE_USB_H 1
| #define HAVE_LIBUSB_1_0 1
| #define HAVE_LIBUSB_1_0_LIBUSB_H 1
| /* end confdefs.h.  */
| 
| /* Override any GCC internal prototype to avoid an error.
|    Use char because int might match the return type of a GCC
|    builtin and then its argument prototype would still apply.  */
| #ifdef __cplusplus
| extern "C"
| #endif
| char libusb_init ();
| int
| main ()
| {
| return libusb_init ();
|   ;
|   return 0;
| }
configure:5377: result: no
configure:5401: checking for libusb.h
configure:5401: result: no
configure:5417: checking for ftdi_new in -lftdi1
configure:5442: gcc -o conftest -g -O2   conftest.c -lftdi1 -lusb-1.0 -lncurses -ltermcap  >&5
/usr/bin/ld: cannot find -lftdi1
collect2: ld returned 1 exit status
configure:5442: $? = 1
configure: failed program was:
| /* confdefs.h */
| #define PACKAGE_NAME "avrdude"
| #define PACKAGE_TARNAME "avrdude"
| #define PACKAGE_VERSION "6.1"
| #define PACKAGE_STRING "avrdude 6.1"
| #define PACKAGE_BUGREPORT "avrdude-dev@nongnu.org"
| #define PACKAGE_URL ""
| #define PACKAGE "avrdude"
| #define VERSION "6.1"
| #define YYTEXT_POINTER 1
| #define HAVE_YYLEX_DESTROY 1
| #define HAVE_LIBTERMCAP 1
| #define HAVE_LIBNCURSES 1
| #define HAVE_LIBUSB 1
| #define HAVE_USB_H 1
| #define HAVE_LIBUSB_1_0 1
| #define HAVE_LIBUSB_1_0_LIBUSB_H 1
| #define HAVE_LIBUSB_1_0 1
| /* end confdefs.h.  */
| 
| /* Override any GCC internal prototype to avoid an error.
|    Use char because int might match the return type of a GCC
|    builtin and then its argument prototype would still apply.  */
| #ifdef __cplusplus
| extern "C"
| #endif
| char ftdi_new ();
| int
| main ()
| {
| return ftdi_new ();
|   ;
|   return 0;
| }
configure:5451: result: no
configure:5457: checking for ftdi_usb_get_strings in -lftdi
configure:5482: gcc -o conftest -g -O2   conftest.c -lftdi -lusb -lncurses -ltermcap  >&5
configure:5482: $? = 0
configure:5491: result: yes
configure:5510: checking whether TYPE_232H is declared
configure:5510: gcc -c -g -O2  conftest.c >&5
conftest.c: In function 'main':
conftest.c:30: error: 'TYPE_232H' undeclared (first use in this function)
conftest.c:30: error: (Each undeclared identifier is reported only once
conftest.c:30: error: for each function it appears in.)
configure:5510: $? = 1
configure: failed program was:
| /* confdefs.h */
| #define PACKAGE_NAME "avrdude"
| #define PACKAGE_TARNAME "avrdude"
| #define PACKAGE_VERSION "6.1"
| #define PACKAGE_STRING "avrdude 6.1"
| #define PACKAGE_BUGREPORT "avrdude-dev@nongnu.org"
| #define PACKAGE_URL ""
| #define PACKAGE "avrdude"
| #define VERSION "6.1"
| #define YYTEXT_POINTER 1
| #define HAVE_YYLEX_DESTROY 1
| #define HAVE_LIBTERMCAP 1
| #define HAVE_LIBNCURSES 1
| #define HAVE_LIBUSB 1
| #define HAVE_USB_H 1
| #define HAVE_LIBUSB_1_0 1
| #define HAVE_LIBUSB_1_0_LIBUSB_H 1
| #define HAVE_LIBUSB_1_0 1
| #define HAVE_LIBFTDI 1
| /* end confdefs.h.  */
| #include <ftdi.h>
| 
| int
| main ()
| {
| #ifndef TYPE_232H
| #ifdef __cplusplus
|   (void) TYPE_232H;
| #else
|   (void) TYPE_232H;
| #endif
| #endif
| 
|   ;
|   return 0;
| }
configure:5510: result: no
configure:5524: checking pthread.h usability
configure:5524: gcc -c -g -O2  conftest.c >&5
configure:5524: $? = 0
configure:5524: result: yes
configure:5524: checking pthread.h presence
configure:5524:   conftest.c
./configure: line 1559: conftest.c: command not found
configure:5524: $? = 127
configure: failed program was:
| /* confdefs.h */
| #define PACKAGE_NAME "avrdude"
| #define PACKAGE_TARNAME "avrdude"
| #define PACKAGE_VERSION "6.1"
| #define PACKAGE_STRING "avrdude 6.1"
| #define PACKAGE_BUGREPORT "avrdude-dev@nongnu.org"
| #define PACKAGE_URL ""
| #define PACKAGE "avrdude"
| #define VERSION "6.1"
| #define YYTEXT_POINTER 1
| #define HAVE_YYLEX_DESTROY 1
| #define HAVE_LIBTERMCAP 1
| #define HAVE_LIBNCURSES 1
| #define HAVE_LIBUSB 1
| #define HAVE_USB_H 1
| #define HAVE_LIBUSB_1_0 1
| #define HAVE_LIBUSB_1_0_LIBUSB_H 1
| #define HAVE_LIBUSB_1_0 1
| #define HAVE_LIBFTDI 1
| /* end confdefs.h.  */
| #include <pthread.h>
configure:5524: result: no
configure:5524: WARNING: pthread.h: accepted by the compiler, rejected by the preprocessor!
configure:5524: WARNING: pthread.h: proceeding with the compiler's result
configure:5524: checking for pthread.h
configure:5524: result: yes
configure:5535: checking for pthread_create in -lpthread
configure:5560: gcc -o conftest -g -O2   conftest.c -lpthread  -lncurses -ltermcap  >&5
configure:5560: $? = 0
configure:5569: result: yes
configure:5584: checking limits.h usability
configure:5584: gcc -c -g -O2  conftest.c >&5
configure:5584: $? = 0
configure:5584: result: yes
configure:5584: checking limits.h presence
configure:5584:   conftest.c
./configure: line 1559: conftest.c: command not found
configure:5584: $? = 127
configure: failed program was:
| /* confdefs.h */
| #define PACKAGE_NAME "avrdude"
| #define PACKAGE_TARNAME "avrdude"
| #define PACKAGE_VERSION "6.1"
| #define PACKAGE_STRING "avrdude 6.1"
| #define PACKAGE_BUGREPORT "avrdude-dev@nongnu.org"
| #define PACKAGE_URL ""
| #define PACKAGE "avrdude"
| #define VERSION "6.1"
| #define YYTEXT_POINTER 1
| #define HAVE_YYLEX_DESTROY 1
| #define HAVE_LIBTERMCAP 1
| #define HAVE_LIBNCURSES 1
| #define HAVE_LIBUSB 1
| #define HAVE_USB_H 1
| #define HAVE_LIBUSB_1_0 1
| #define HAVE_LIBUSB_1_0_LIBUSB_H 1
| #define HAVE_LIBUSB_1_0 1
| #define HAVE_LIBFTDI 1
| #define HAVE_PTHREAD_H 1
| /* end confdefs.h.  */
| #include <limits.h>
configure:5584: result: no
configure:5584: WARNING: limits.h: accepted by the compiler, rejected by the preprocessor!
configure:5584: WARNING: limits.h: proceeding with the compiler's result
configure:5584: checking for limits.h
configure:5584: result: yes
configure:5584: checking stdlib.h usability
configure:5584: gcc -c -g -O2  conftest.c >&5
configure:5584: $? = 0
configure:5584: result: yes
configure:5584: checking stdlib.h presence
configure:5584:   conftest.c
./configure: line 1559: conftest.c: command not found
configure:5584: $? = 127
configure: failed program was:
| /* confdefs.h */
| #define PACKAGE_NAME "avrdude"
| #define PACKAGE_TARNAME "avrdude"
| #define PACKAGE_VERSION "6.1"
| #define PACKAGE_STRING "avrdude 6.1"
| #define PACKAGE_BUGREPORT "avrdude-dev@nongnu.org"
| #define PACKAGE_URL ""
| #define PACKAGE "avrdude"
| #define VERSION "6.1"
| #define YYTEXT_POINTER 1
| #define HAVE_YYLEX_DESTROY 1
| #define HAVE_LIBTERMCAP 1
| #define HAVE_LIBNCURSES 1
| #define HAVE_LIBUSB 1
| #define HAVE_USB_H 1
| #define HAVE_LIBUSB_1_0 1
| #define HAVE_LIBUSB_1_0_LIBUSB_H 1
| #define HAVE_LIBUSB_1_0 1
| #define HAVE_LIBFTDI 1
| #define HAVE_PTHREAD_H 1
| #define HAVE_LIMITS_H 1
| /* end confdefs.h.  */
| #include <stdlib.h>
configure:5584: result: no
configure:5584: WARNING: stdlib.h: accepted by the compiler, rejected by the preprocessor!
configure:5584: WARNING: stdlib.h: proceeding with the compiler's result
configure:5584: checking for stdlib.h
configure:5584: result: yes
configure:5584: checking string.h usability
configure:5584: gcc -c -g -O2  conftest.c >&5
configure:5584: $? = 0
configure:5584: result: yes
configure:5584: checking string.h presence
configure:5584:   conftest.c
./configure: line 1559: conftest.c: command not found
configure:5584: $? = 127
configure: failed program was:
| /* confdefs.h */
| #define PACKAGE_NAME "avrdude"
| #define PACKAGE_TARNAME "avrdude"
| #define PACKAGE_VERSION "6.1"
| #define PACKAGE_STRING "avrdude 6.1"
| #define PACKAGE_BUGREPORT "avrdude-dev@nongnu.org"
| #define PACKAGE_URL ""
| #define PACKAGE "avrdude"
| #define VERSION "6.1"
| #define YYTEXT_POINTER 1
| #define HAVE_YYLEX_DESTROY 1
| #define HAVE_LIBTERMCAP 1
| #define HAVE_LIBNCURSES 1
| #define HAVE_LIBUSB 1
| #define HAVE_USB_H 1
| #define HAVE_LIBUSB_1_0 1
| #define HAVE_LIBUSB_1_0_LIBUSB_H 1
| #define HAVE_LIBUSB_1_0 1
| #define HAVE_LIBFTDI 1
| #define HAVE_PTHREAD_H 1
| #define HAVE_LIMITS_H 1
| #define HAVE_STDLIB_H 1
| /* end confdefs.h.  */
| #include <string.h>
configure:5584: result: no
configure:5584: WARNING: string.h: accepted by the compiler, rejected by the preprocessor!
configure:5584: WARNING: string.h: proceeding with the compiler's result
configure:5584: checking for string.h
configure:5584: result: yes
configure:5597: checking fcntl.h usability
configure:5597: gcc -c -g -O2  conftest.c >&5
configure:5597: $? = 0
configure:5597: result: yes
configure:5597: checking fcntl.h presence
configure:5597:   conftest.c
./configure: line 1559: conftest.c: command not found
configure:5597: $? = 127
configure: failed program was:
| /* confdefs.h */
| #define PACKAGE_NAME "avrdude"
| #define PACKAGE_TARNAME "avrdude"
| #define PACKAGE_VERSION "6.1"
| #define PACKAGE_STRING "avrdude 6.1"
| #define PACKAGE_BUGREPORT "avrdude-dev@nongnu.org"
| #define PACKAGE_URL ""
| #define PACKAGE "avrdude"
| #define VERSION "6.1"
| #define YYTEXT_POINTER 1
| #define HAVE_YYLEX_DESTROY 1
| #define HAVE_LIBTERMCAP 1
| #define HAVE_LIBNCURSES 1
| #define HAVE_LIBUSB 1
| #define HAVE_USB_H 1
| #define HAVE_LIBUSB_1_0 1
| #define HAVE_LIBUSB_1_0_LIBUSB_H 1
| #define HAVE_LIBUSB_1_0 1
| #define HAVE_LIBFTDI 1
| #define HAVE_PTHREAD_H 1
| #define HAVE_LIMITS_H 1
| #define HAVE_STDLIB_H 1
| #define HAVE_STRING_H 1
| /* end confdefs.h.  */
| #include <fcntl.h>
configure:5597: result: no
configure:5597: WARNING: fcntl.h: accepted by the compiler, rejected by the preprocessor!
configure:5597: WARNING: fcntl.h: proceeding with the compiler's result
configure:5597: checking for fcntl.h
configure:5597: result: yes
configure:5597: checking sys/ioctl.h usability
configure:5597: gcc -c -g -O2  conftest.c >&5
configure:5597: $? = 0
configure:5597: result: yes
configure:5597: checking sys/ioctl.h presence
configure:5597:   conftest.c
./configure: line 1559: conftest.c: command not found
configure:5597: $? = 127
configure: failed program was:
| /* confdefs.h */
| #define PACKAGE_NAME "avrdude"
| #define PACKAGE_TARNAME "avrdude"
| #define PACKAGE_VERSION "6.1"
| #define PACKAGE_STRING "avrdude 6.1"
| #define PACKAGE_BUGREPORT "avrdude-dev@nongnu.org"
| #define PACKAGE_URL ""
| #define PACKAGE "avrdude"
| #define VERSION "6.1"
| #define YYTEXT_POINTER 1
| #define HAVE_YYLEX_DESTROY 1
| #define HAVE_LIBTERMCAP 1
| #define HAVE_LIBNCURSES 1
| #define HAVE_LIBUSB 1
| #define HAVE_USB_H 1
| #define HAVE_LIBUSB_1_0 1
| #define HAVE_LIBUSB_1_0_LIBUSB_H 1
| #define HAVE_LIBUSB_1_0 1
| #define HAVE_LIBFTDI 1
| #define HAVE_PTHREAD_H 1
| #define HAVE_LIMITS_H 1
| #define HAVE_STDLIB_H 1
| #define HAVE_STRING_H 1
| #define HAVE_FCNTL_H 1
| /* end confdefs.h.  */
| #include <sys/ioctl.h>
configure:5597: result: no
configure:5597: WARNING: sys/ioctl.h: accepted by the compiler, rejected by the preprocessor!
configure:5597: WARNING: sys/ioctl.h: proceeding with the compiler's result
configure:5597: checking for sys/ioctl.h
configure:5597: result: yes
configure:5597: checking sys/time.h usability
configure:5597: gcc -c -g -O2  conftest.c >&5
configure:5597: $? = 0
configure:5597: result: yes
configure:5597: checking sys/time.h presence
configure:5597:   conftest.c
./configure: line 1559: conftest.c: command not found
configure:5597: $? = 127
configure: failed program was:
| /* confdefs.h */
| #define PACKAGE_NAME "avrdude"
| #define PACKAGE_TARNAME "avrdude"
| #define PACKAGE_VERSION "6.1"
| #define PACKAGE_STRING "avrdude 6.1"
| #define PACKAGE_BUGREPORT "avrdude-dev@nongnu.org"
| #define PACKAGE_URL ""
| #define PACKAGE "avrdude"
| #define VERSION "6.1"
| #define YYTEXT_POINTER 1
| #define HAVE_YYLEX_DESTROY 1
| #define HAVE_LIBTERMCAP 1
| #define HAVE_LIBNCURSES 1
| #define HAVE_LIBUSB 1
| #define HAVE_USB_H 1
| #define HAVE_LIBUSB_1_0 1
| #define HAVE_LIBUSB_1_0_LIBUSB_H 1
| #define HAVE_LIBUSB_1_0 1
| #define HAVE_LIBFTDI 1
| #define HAVE_PTHREAD_H 1
| #define HAVE_LIMITS_H 1
| #define HAVE_STDLIB_H 1
| #define HAVE_STRING_H 1
| #define HAVE_FCNTL_H 1
| #define HAVE_SYS_IOCTL_H 1
| /* end confdefs.h.  */
| #include <sys/time.h>
configure:5597: result: no
configure:5597: WARNING: sys/time.h: accepted by the compiler, rejected by the preprocessor!
configure:5597: WARNING: sys/time.h: proceeding with the compiler's result
configure:5597: checking for sys/time.h
configure:5597: result: yes
configure:5597: checking termios.h usability
configure:5597: gcc -c -g -O2  conftest.c >&5
configure:5597: $? = 0
configure:5597: result: yes
configure:5597: checking termios.h presence
configure:5597:   conftest.c
./configure: line 1559: conftest.c: command not found
configure:5597: $? = 127
configure: failed program was:
| /* confdefs.h */
| #define PACKAGE_NAME "avrdude"
| #define PACKAGE_TARNAME "avrdude"
| #define PACKAGE_VERSION "6.1"
| #define PACKAGE_STRING "avrdude 6.1"
| #define PACKAGE_BUGREPORT "avrdude-dev@nongnu.org"
| #define PACKAGE_URL ""
| #define PACKAGE "avrdude"
| #define VERSION "6.1"
| #define YYTEXT_POINTER 1
| #define HAVE_YYLEX_DESTROY 1
| #define HAVE_LIBTERMCAP 1
| #define HAVE_LIBNCURSES 1
| #define HAVE_LIBUSB 1
| #define HAVE_USB_H 1
| #define HAVE_LIBUSB_1_0 1
| #define HAVE_LIBUSB_1_0_LIBUSB_H 1
| #define HAVE_LIBUSB_1_0 1
| #define HAVE_LIBFTDI 1
| #define HAVE_PTHREAD_H 1
| #define HAVE_LIMITS_H 1
| #define HAVE_STDLIB_H 1
| #define HAVE_STRING_H 1
| #define HAVE_FCNTL_H 1
| #define HAVE_SYS_IOCTL_H 1
| #define HAVE_SYS_TIME_H 1
| /* end confdefs.h.  */
| #include <termios.h>
configure:5597: result: no
configure:5597: WARNING: termios.h: accepted by the compiler, rejected by the preprocessor!
configure:5597: WARNING: termios.h: proceeding with the compiler's result
configure:5597: checking for termios.h
configure:5597: result: yes
configure:5597: checking unistd.h usability
configure:5597: gcc -c -g -O2  conftest.c >&5
configure:5597: $? = 0
configure:5597: result: yes
configure:5597: checking unistd.h presence
configure:5597:   conftest.c
./configure: line 1559: conftest.c: command not found
configure:5597: $? = 127
configure: failed program was:
| /* confdefs.h */
| #define PACKAGE_NAME "avrdude"
| #define PACKAGE_TARNAME "avrdude"
| #define PACKAGE_VERSION "6.1"
| #define PACKAGE_STRING "avrdude 6.1"
| #define PACKAGE_BUGREPORT "avrdude-dev@nongnu.org"
| #define PACKAGE_URL ""
| #define PACKAGE "avrdude"
| #define VERSION "6.1"
| #define YYTEXT_POINTER 1
| #define HAVE_YYLEX_DESTROY 1
| #define HAVE_LIBTERMCAP 1
| #define HAVE_LIBNCURSES 1
| #define HAVE_LIBUSB 1
| #define HAVE_USB_H 1
| #define HAVE_LIBUSB_1_0 1
| #define HAVE_LIBUSB_1_0_LIBUSB_H 1
| #define HAVE_LIBUSB_1_0 1
| #define HAVE_LIBFTDI 1
| #define HAVE_PTHREAD_H 1
| #define HAVE_LIMITS_H 1
| #define HAVE_STDLIB_H 1
| #define HAVE_STRING_H 1
| #define HAVE_FCNTL_H 1
| #define HAVE_SYS_IOCTL_H 1
| #define HAVE_SYS_TIME_H 1
| #define HAVE_TERMIOS_H 1
| /* end confdefs.h.  */
| #include <unistd.h>
configure:5597: result: no
configure:5597: WARNING: unistd.h: accepted by the compiler, rejected by the preprocessor!
configure:5597: WARNING: unistd.h: proceeding with the compiler's result
configure:5597: checking for unistd.h
configure:5597: result: yes
configure:5609: checking for ddk/hidsdi.h
configure:5609: gcc -c -g -O2  conftest.c >&5
conftest.c:30:21: error: windows.h: No such file or directory
conftest.c:31:22: error: setupapi.h: No such file or directory
conftest.c:33:24: error: ddk/hidsdi.h: No such file or directory
configure:5609: $? = 1
configure: failed program was:
| /* confdefs.h */
| #define PACKAGE_NAME "avrdude"
| #define PACKAGE_TARNAME "avrdude"
| #define PACKAGE_VERSION "6.1"
| #define PACKAGE_STRING "avrdude 6.1"
| #define PACKAGE_BUGREPORT "avrdude-dev@nongnu.org"
| #define PACKAGE_URL ""
| #define PACKAGE "avrdude"
| #define VERSION "6.1"
| #define YYTEXT_POINTER 1
| #define HAVE_YYLEX_DESTROY 1
| #define HAVE_LIBTERMCAP 1
| #define HAVE_LIBNCURSES 1
| #define HAVE_LIBUSB 1
| #define HAVE_USB_H 1
| #define HAVE_LIBUSB_1_0 1
| #define HAVE_LIBUSB_1_0_LIBUSB_H 1
| #define HAVE_LIBUSB_1_0 1
| #define HAVE_LIBFTDI 1
| #define HAVE_PTHREAD_H 1
| #define HAVE_LIMITS_H 1
| #define HAVE_STDLIB_H 1
| #define HAVE_STRING_H 1
| #define HAVE_FCNTL_H 1
| #define HAVE_SYS_IOCTL_H 1
| #define HAVE_SYS_TIME_H 1
| #define HAVE_TERMIOS_H 1
| #define HAVE_UNISTD_H 1
| /* end confdefs.h.  */
| #include <windows.h>
| #include <setupapi.h>
| 
| #include <ddk/hidsdi.h>
configure:5609: result: no
configure:5624: checking for an ANSI C-conforming const
configure:5689: gcc -c -g -O2  conftest.c >&5
configure:5689: $? = 0
configure:5696: result: yes
configure:5704: checking whether time.h and sys/time.h may both be included
configure:5724: gcc -c -g -O2  conftest.c >&5
configure:5724: $? = 0
configure:5731: result: yes
configure:5744: checking for memset
configure:5744: gcc -o conftest -g -O2   conftest.c -lncurses -ltermcap  >&5
conftest.c:54: warning: conflicting types for built-in function 'memset'
configure:5744: $? = 0
configure:5744: result: yes
configure:5744: checking for select
configure:5744: gcc -o conftest -g -O2   conftest.c -lncurses -ltermcap  >&5
configure:5744: $? = 0
configure:5744: result: yes
configure:5744: checking for strcasecmp
configure:5744: gcc -o conftest -g -O2   conftest.c -lncurses -ltermcap  >&5
conftest.c:56: warning: conflicting types for built-in function 'strcasecmp'
configure:5744: $? = 0
configure:5744: result: yes
configure:5744: checking for strdup
configure:5744: gcc -o conftest -g -O2   conftest.c -lncurses -ltermcap  >&5
conftest.c:57: warning: conflicting types for built-in function 'strdup'
configure:5744: $? = 0
configure:5744: result: yes
configure:5744: checking for strerror
configure:5744: gcc -o conftest -g -O2   conftest.c -lncurses -ltermcap  >&5
configure:5744: $? = 0
configure:5744: result: yes
configure:5744: checking for strncasecmp
configure:5744: gcc -o conftest -g -O2   conftest.c -lncurses -ltermcap  >&5
conftest.c:59: warning: conflicting types for built-in function 'strncasecmp'
configure:5744: $? = 0
configure:5744: result: yes
configure:5744: checking for strtol
configure:5744: gcc -o conftest -g -O2   conftest.c -lncurses -ltermcap  >&5
configure:5744: $? = 0
configure:5744: result: yes
configure:5744: checking for strtoul
configure:5744: gcc -o conftest -g -O2   conftest.c -lncurses -ltermcap  >&5
configure:5744: $? = 0
configure:5744: result: yes
configure:5744: checking for gettimeofday
configure:5744: gcc -o conftest -g -O2   conftest.c -lncurses -ltermcap  >&5
configure:5744: $? = 0
configure:5744: result: yes
configure:5744: checking for usleep
configure:5744: gcc -o conftest -g -O2   conftest.c -lncurses -ltermcap  >&5
configure:5744: $? = 0
configure:5744: result: yes
configure:5754: checking for a Win32 HID libray
configure:5795: gcc -o conftest -g -O2   conftest.c -lncurses -ltermcap   >&5
conftest.c:41:21: error: windows.h: No such file or directory
conftest.c:42:22: error: setupapi.h: No such file or directory
conftest.c: In function 'main':
conftest.c:50: error: 'GUID' undeclared (first use in this function)
conftest.c:50: error: (Each undeclared identifier is reported only once
conftest.c:50: error: for each function it appears in.)
conftest.c:50: error: expected ';' before 'hidGuid'
conftest.c:51: error: 'hidGuid' undeclared (first use in this function)
configure:5795: $? = 1
configure: failed program was:
| /* confdefs.h */
| #define PACKAGE_NAME "avrdude"
| #define PACKAGE_TARNAME "avrdude"
| #define PACKAGE_VERSION "6.1"
| #define PACKAGE_STRING "avrdude 6.1"
| #define PACKAGE_BUGREPORT "avrdude-dev@nongnu.org"
| #define PACKAGE_URL ""
| #define PACKAGE "avrdude"
| #define VERSION "6.1"
| #define YYTEXT_POINTER 1
| #define HAVE_YYLEX_DESTROY 1
| #define HAVE_LIBTERMCAP 1
| #define HAVE_LIBNCURSES 1
| #define HAVE_LIBUSB 1
| #define HAVE_USB_H 1
| #define HAVE_LIBUSB_1_0 1
| #define HAVE_LIBUSB_1_0_LIBUSB_H 1
| #define HAVE_LIBUSB_1_0 1
| #define HAVE_LIBFTDI 1
| #define HAVE_PTHREAD_H 1
| #define HAVE_LIMITS_H 1
| #define HAVE_STDLIB_H 1
| #define HAVE_STRING_H 1
| #define HAVE_FCNTL_H 1
| #define HAVE_SYS_IOCTL_H 1
| #define HAVE_SYS_TIME_H 1
| #define HAVE_TERMIOS_H 1
| #define HAVE_UNISTD_H 1
| #define TIME_WITH_SYS_TIME 1
| #define HAVE_MEMSET 1
| #define HAVE_SELECT 1
| #define HAVE_STRCASECMP 1
| #define HAVE_STRDUP 1
| #define HAVE_STRERROR 1
| #define HAVE_STRNCASECMP 1
| #define HAVE_STRTOL 1
| #define HAVE_STRTOUL 1
| #define HAVE_GETTIMEOFDAY 1
| #define HAVE_USLEEP 1
| /* end confdefs.h.  */
| #include <windows.h>
| #include <setupapi.h>
| 
| int
| main ()
| {
| int
| main(void)
| {
|     GUID hidGuid;
|     HidD_GetHidGuid(&hidGuid);
| 
|     return 0;
| }
| 
|   ;
|   return 0;
| }
configure:5802: result: no
configure:5818: checking for uint_t
configure:5818: gcc -c -g -O2  conftest.c >&5
conftest.c: In function 'main':
conftest.c:46: error: 'uint_t' undeclared (first use in this function)
conftest.c:46: error: (Each undeclared identifier is reported only once
conftest.c:46: error: for each function it appears in.)
configure:5818: $? = 1
configure: failed program was:
| /* confdefs.h */
| #define PACKAGE_NAME "avrdude"
| #define PACKAGE_TARNAME "avrdude"
| #define PACKAGE_VERSION "6.1"
| #define PACKAGE_STRING "avrdude 6.1"
| #define PACKAGE_BUGREPORT "avrdude-dev@nongnu.org"
| #define PACKAGE_URL ""
| #define PACKAGE "avrdude"
| #define VERSION "6.1"
| #define YYTEXT_POINTER 1
| #define HAVE_YYLEX_DESTROY 1
| #define HAVE_LIBTERMCAP 1
| #define HAVE_LIBNCURSES 1
| #define HAVE_LIBUSB 1
| #define HAVE_USB_H 1
| #define HAVE_LIBUSB_1_0 1
| #define HAVE_LIBUSB_1_0_LIBUSB_H 1
| #define HAVE_LIBUSB_1_0 1
| #define HAVE_LIBFTDI 1
| #define HAVE_PTHREAD_H 1
| #define HAVE_LIMITS_H 1
| #define HAVE_STDLIB_H 1
| #define HAVE_STRING_H 1
| #define HAVE_FCNTL_H 1
| #define HAVE_SYS_IOCTL_H 1
| #define HAVE_SYS_TIME_H 1
| #define HAVE_TERMIOS_H 1
| #define HAVE_UNISTD_H 1
| #define TIME_WITH_SYS_TIME 1
| #define HAVE_MEMSET 1
| #define HAVE_SELECT 1
| #define HAVE_STRCASECMP 1
| #define HAVE_STRDUP 1
| #define HAVE_STRERROR 1
| #define HAVE_STRNCASECMP 1
| #define HAVE_STRTOL 1
| #define HAVE_STRTOUL 1
| #define HAVE_GETTIMEOFDAY 1
| #define HAVE_USLEEP 1
| /* end confdefs.h.  */
| #include <sys/types.h>
| 
| int
| main ()
| {
| if (sizeof (uint_t))
| 	 return 0;
|   ;
|   return 0;
| }
configure:5818: result: no
configure:5829: checking for ulong_t
configure:5829: gcc -c -g -O2  conftest.c >&5
conftest.c: In function 'main':
conftest.c:46: error: 'ulong_t' undeclared (first use in this function)
conftest.c:46: error: (Each undeclared identifier is reported only once
conftest.c:46: error: for each function it appears in.)
configure:5829: $? = 1
configure: failed program was:
| /* confdefs.h */
| #define PACKAGE_NAME "avrdude"
| #define PACKAGE_TARNAME "avrdude"
| #define PACKAGE_VERSION "6.1"
| #define PACKAGE_STRING "avrdude 6.1"
| #define PACKAGE_BUGREPORT "avrdude-dev@nongnu.org"
| #define PACKAGE_URL ""
| #define PACKAGE "avrdude"
| #define VERSION "6.1"
| #define YYTEXT_POINTER 1
| #define HAVE_YYLEX_DESTROY 1
| #define HAVE_LIBTERMCAP 1
| #define HAVE_LIBNCURSES 1
| #define HAVE_LIBUSB 1
| #define HAVE_USB_H 1
| #define HAVE_LIBUSB_1_0 1
| #define HAVE_LIBUSB_1_0_LIBUSB_H 1
| #define HAVE_LIBUSB_1_0 1
| #define HAVE_LIBFTDI 1
| #define HAVE_PTHREAD_H 1
| #define HAVE_LIMITS_H 1
| #define HAVE_STDLIB_H 1
| #define HAVE_STRING_H 1
| #define HAVE_FCNTL_H 1
| #define HAVE_SYS_IOCTL_H 1
| #define HAVE_SYS_TIME_H 1
| #define HAVE_TERMIOS_H 1
| #define HAVE_UNISTD_H 1
| #define TIME_WITH_SYS_TIME 1
| #define HAVE_MEMSET 1
| #define HAVE_SELECT 1
| #define HAVE_STRCASECMP 1
| #define HAVE_STRDUP 1
| #define HAVE_STRERROR 1
| #define HAVE_STRNCASECMP 1
| #define HAVE_STRTOL 1
| #define HAVE_STRTOUL 1
| #define HAVE_GETTIMEOFDAY 1
| #define HAVE_USLEEP 1
| /* end confdefs.h.  */
| #include <sys/types.h>
| 
| int
| main ()
| {
| if (sizeof (ulong_t))
| 	 return 0;
|   ;
|   return 0;
| }
configure:5829: result: no
configure:5959: checking for parallel device
configure:5962: parallel port access disabled for this system
configure:5973: checking for serial device
configure:5975: result: /dev/ttyS0
configure:6014: checking if gcc accepts -Wno-pointer-sign 
configure:6031: gcc -c -Wall -Wno-pointer-sign  conftest.c >&5
conftest.c: In function 'main':
conftest.c:46: warning: 'main' is normally a non-static function
configure:6031: $? = 0
configure:6034: result: yes
configure:6284: creating ./config.status

## ---------------------- ##
## Running config.status. ##
## ---------------------- ##

This file was extended by avrdude config.status 6.1, which was
generated by GNU Autoconf 2.67.  Invocation command line was

  CONFIG_FILES    = 
  CONFIG_HEADERS  = 
  CONFIG_LINKS    = 
  CONFIG_COMMANDS = 
  $ ./config.status 

on usbprog5

config.status:916: creating doc/Makefile
config.status:916: creating windows/Makefile
config.status:916: creating avrdude.spec
config.status:916: creating Makefile
config.status:916: creating avrdude.conf.tmp
config.status:916: creating ac_cfg.h
config.status:1144: executing depfiles commands

## ---------------- ##
## Cache variables. ##
## ---------------- ##

ac_cv_build=armv5tejl-unknown-linux-gnueabi
ac_cv_c_compiler_gnu=yes
ac_cv_c_const=yes
ac_cv_env_CC_set=
ac_cv_env_CC_value=
ac_cv_env_CFLAGS_set=
ac_cv_env_CFLAGS_value=
ac_cv_env_CPPFLAGS_set=
ac_cv_env_CPPFLAGS_value=
ac_cv_env_CPP_set=
ac_cv_env_CPP_value=
ac_cv_env_LDFLAGS_set=
ac_cv_env_LDFLAGS_value=
ac_cv_env_LIBS_set=
ac_cv_env_LIBS_value=
ac_cv_env_YACC_set=
ac_cv_env_YACC_value=
ac_cv_env_YFLAGS_set=
ac_cv_env_YFLAGS_value=
ac_cv_env_build_alias_set=
ac_cv_env_build_alias_value=
ac_cv_env_host_alias_set=
ac_cv_env_host_alias_value=
ac_cv_env_target_alias_set=
ac_cv_env_target_alias_value=
ac_cv_func_gettimeofday=yes
ac_cv_func_memset=yes
ac_cv_func_select=yes
ac_cv_func_strcasecmp=yes
ac_cv_func_strdup=yes
ac_cv_func_strerror=yes
ac_cv_func_strncasecmp=yes
ac_cv_func_strtol=yes
ac_cv_func_strtoul=yes
ac_cv_func_usleep=yes
ac_cv_have_decl_TYPE_232H=no
ac_cv_header_ddk_hidsdi_h=no
ac_cv_header_fcntl_h=yes
ac_cv_header_libusb_1_0_libusb_h=yes
ac_cv_header_libusb_h=no
ac_cv_header_limits_h=yes
ac_cv_header_lusb0_usb_h=no
ac_cv_header_pthread_h=yes
ac_cv_header_stdlib_h=yes
ac_cv_header_string_h=yes
ac_cv_header_sys_ioctl_h=yes
ac_cv_header_sys_time_h=yes
ac_cv_header_termios_h=yes
ac_cv_header_time=yes
ac_cv_header_unistd_h=yes
ac_cv_header_usb_h=yes
ac_cv_host=armv5tejl-unknown-linux-gnueabi
ac_cv_lib_elf_elf_getshdrstrndx=no
ac_cv_lib_ftdi1_ftdi_new=no
ac_cv_lib_ftdi_ftdi_usb_get_strings=yes
ac_cv_lib_lex=-lfl
ac_cv_lib_ncurses_tputs=yes
ac_cv_lib_pthread_pthread_create=yes
ac_cv_lib_readline_readline=no
ac_cv_lib_termcap_tputs=yes
ac_cv_lib_usb_1_0_libusb_init=yes
ac_cv_lib_usb_libusb_init=no
ac_cv_lib_usb_usb_get_string_simple=yes
ac_cv_objext=o
ac_cv_path_SED=/bin/sed
ac_cv_path_install='/usr/bin/install -c'
ac_cv_path_mkdir=/bin/mkdir
ac_cv_prog_AWK=mawk
ac_cv_prog_LEX=flex
ac_cv_prog_YACC='bison -y'
ac_cv_prog_ac_ct_AR=ar
ac_cv_prog_ac_ct_CC=gcc
ac_cv_prog_ac_ct_RANLIB=ranlib
ac_cv_prog_cc_c89=
ac_cv_prog_cc_g=yes
ac_cv_prog_cc_gcc_c_o=yes
ac_cv_prog_lex_root=lex.yy
ac_cv_prog_lex_yytext_pointer=yes
ac_cv_prog_make_make_set=yes
ac_cv_search_gethostent='none required'
ac_cv_search_setsockopt='none required'
ac_cv_target=armv5tejl-unknown-linux-gnueabi
ac_cv_type_uint_t=no
ac_cv_type_ulong_t=no
am_cv_CC_dependencies_compiler_type=gcc3

## ----------------- ##
## Output variables. ##
## ----------------- ##

ACLOCAL='${SHELL} /root/avrdude-6.1/missing --run aclocal-1.11'
AMDEPBACKSLASH='\'
AMDEP_FALSE='#'
AMDEP_TRUE=''
AMTAR='${SHELL} /root/avrdude-6.1/missing --run tar'
AR='ar'
AUTOCONF='${SHELL} /root/avrdude-6.1/missing --run autoconf'
AUTOHEADER='${SHELL} /root/avrdude-6.1/missing --run autoheader'
AUTOMAKE='${SHELL} /root/avrdude-6.1/missing --run automake-1.11'
AWK='mawk'
CC='gcc'
CCDEPMODE='depmode=gcc3'
CFLAGS='-g -O2'
CPP=''
CPPFLAGS=''
CYGPATH_W='echo'
DEFAULT_PAR_PORT='unknown'
DEFAULT_SER_PORT='/dev/ttyS0'
DEFS='-DHAVE_CONFIG_H'
DEPDIR='.deps'
DIST_SUBDIRS_AC='doc windows'
DOC_INST_DIR='$(DESTDIR)$(datadir)/doc/avrdude-$(VERSION)'
ECHO_C=''
ECHO_N='-n'
ECHO_T=''
EGREP=''
ENABLE_WARNINGS='-Wall -Wno-pointer-sign'
EXEEXT=''
GREP=''
INSTALL_DATA='${INSTALL} -m 644'
INSTALL_PROGRAM='${INSTALL}'
INSTALL_SCRIPT='${INSTALL}'
INSTALL_STRIP_PROGRAM='$(install_sh) -c -s'
LDFLAGS=''
LEX='flex'
LEXLIB='-lfl'
LEX_OUTPUT_ROOT='lex.yy'
LIBELF=''
LIBFTDI1=''
LIBFTDI='-lftdi -lusb'
LIBHID=''
LIBOBJS=''
LIBPTHREAD='-lpthread'
LIBS='-lncurses -ltermcap '
LIBUSB='-lusb'
LIBUSB_1_0='-lusb-1.0'
LTLIBOBJS=''
MAKEINFO='${SHELL} /root/avrdude-6.1/missing --run makeinfo'
MKDIR_P='/bin/mkdir -p'
OBJEXT='o'
PACKAGE='avrdude'
PACKAGE_BUGREPORT='avrdude-dev@nongnu.org'
PACKAGE_NAME='avrdude'
PACKAGE_STRING='avrdude 6.1'
PACKAGE_TARNAME='avrdude'
PACKAGE_URL=''
PACKAGE_VERSION='6.1'
PATH_SEPARATOR=':'
RANLIB='ranlib'
SED='/bin/sed'
SET_MAKE=''
SHELL='/bin/bash'
STRIP=''
SUBDIRS_AC=''
VERSION='6.1'
WINDOWS_DIRS=''
YACC='bison -y'
YFLAGS=''
ac_ct_CC='gcc'
am__EXEEXT_FALSE=''
am__EXEEXT_TRUE='#'
am__fastdepCC_FALSE='#'
am__fastdepCC_TRUE=''
am__include='include'
am__isrc=''
am__leading_dot='.'
am__quote=''
am__tar='${AMTAR} chof - "$$tardir"'
am__untar='${AMTAR} xf -'
bindir='${exec_prefix}/bin'
build='armv5tejl-unknown-linux-gnueabi'
build_alias=''
build_cpu='armv5tejl'
build_os='linux-gnueabi'
build_vendor='unknown'
datadir='${datarootdir}'
datarootdir='${prefix}/share'
docdir='${datarootdir}/doc/${PACKAGE_TARNAME}'
dvidir='${docdir}'
exec_prefix='${prefix}'
host='armv5tejl-unknown-linux-gnueabi'
host_alias=''
host_cpu='armv5tejl'
host_os='linux-gnueabi'
host_vendor='unknown'
htmldir='${docdir}'
includedir='${prefix}/include'
infodir='${datarootdir}/info'
install_sh='${SHELL} /root/avrdude-6.1/install-sh'
libdir='${exec_prefix}/lib'
libexecdir='${exec_prefix}/libexec'
localedir='${datarootdir}/locale'
localstatedir='${prefix}/var'
mandir='${datarootdir}/man'
mkdir_p='/bin/mkdir -p'
oldincludedir='/usr/include'
pdfdir='${docdir}'
prefix='/usr/local'
program_transform_name='s,x,x,'
psdir='${docdir}'
sbindir='${exec_prefix}/sbin'
sharedstatedir='${prefix}/com'
sysconfdir='${prefix}/etc'
target='armv5tejl-unknown-linux-gnueabi'
target_alias=''
target_cpu='armv5tejl'
target_os='linux-gnueabi'
target_vendor='unknown'

## ----------- ##
## confdefs.h. ##
## ----------- ##

/* confdefs.h */
#define PACKAGE_NAME "avrdude"
#define PACKAGE_TARNAME "avrdude"
#define PACKAGE_VERSION "6.1"
#define PACKAGE_STRING "avrdude 6.1"
#define PACKAGE_BUGREPORT "avrdude-dev@nongnu.org"
#define PACKAGE_URL ""
#define PACKAGE "avrdude"
#define VERSION "6.1"
#define YYTEXT_POINTER 1
#define HAVE_YYLEX_DESTROY 1
#define HAVE_LIBTERMCAP 1
#define HAVE_LIBNCURSES 1
#define HAVE_LIBUSB 1
#define HAVE_USB_H 1
#define HAVE_LIBUSB_1_0 1
#define HAVE_LIBUSB_1_0_LIBUSB_H 1
#define HAVE_LIBUSB_1_0 1
#define HAVE_LIBFTDI 1
#define HAVE_PTHREAD_H 1
#define HAVE_LIMITS_H 1
#define HAVE_STDLIB_H 1
#define HAVE_STRING_H 1
#define HAVE_FCNTL_H 1
#define HAVE_SYS_IOCTL_H 1
#define HAVE_SYS_TIME_H 1
#define HAVE_TERMIOS_H 1
#define HAVE_UNISTD_H 1
#define TIME_WITH_SYS_TIME 1
#define HAVE_MEMSET 1
#define HAVE_SELECT 1
#define HAVE_STRCASECMP 1
#define HAVE_STRDUP 1
#define HAVE_STRERROR 1
#define HAVE_STRNCASECMP 1
#define HAVE_STRTOL 1
#define HAVE_STRTOUL 1
#define HAVE_GETTIMEOFDAY 1
#define HAVE_USLEEP 1
#define HAVE_USBPROG5 1

configure: exit 0
